<?xml version="1.0" encoding="UTF-8" standalone="yes"?>
<worksheet xmlns="http://schemas.openxmlformats.org/spreadsheetml/2006/main"
           xmlns:r="http://schemas.openxmlformats.org/officeDocument/2006/relationships">
    <sheetPr codeName="Лист1"/>
    <dimension ref="A1:DN26"/>
    <sheetViews>
        <sheetView tabSelected="1" zoomScaleNormal="100" workbookViewId="0">
            <selection activeCell="CZ10" sqref="CZ10:DN10"/>
        </sheetView>
    </sheetViews>
    <sheetFormatPr defaultRowHeight="12.75"/>
    <cols>
        <col min="1" max="118" width="0.85546875" style="1" customWidth="1"/>
        <col min="119" max="16384" width="9.140625" style="1"/>
    </cols>
    <sheetData>
        <row r="1" spans="1:118" ht="12.95" customHeight="1" thickBot="1">
            <c r="A1" s="9" t="s">
                <v>23</v>
            </c>
            <c r="B1" s="9"/>
            <c r="C1" s="9"/>
            <c r="D1" s="9"/>
            <c r="E1" s="9"/>
            <c r="F1" s="9"/>
            <c r="G1" s="9"/>
            <c r="H1" s="9"/>
            <c r="I1" s="9"/>
            <c r="J1" s="9"/>
            <c r="K1" s="9"/>
            <c r="L1" s="9"/>
            <c r="M1" s="9"/>
            <c r="N1" s="9"/>
            <c r="O1" s="9"/>
            <c r="P1" s="9"/>
            <c r="Q1" s="9"/>
            <c r="R1" s="9"/>
            <c r="S1" s="9"/>
            <c r="T1" s="9"/>
            <c r="U1" s="9"/>
            <c r="V1" s="9"/>
            <c r="W1" s="9"/>
            <c r="X1" s="9"/>
            <c r="Y1" s="9"/>
            <c r="Z1" s="9"/>
            <c r="AA1" s="9"/>
            <c r="AB1" s="9"/>
            <c r="AC1" s="9"/>
            <c r="AD1" s="9"/>
            <c r="AE1" s="9"/>
            <c r="AF1" s="9"/>
            <c r="AG1" s="9"/>
            <c r="AH1" s="9"/>
            <c r="AI1" s="9"/>
            <c r="AJ1" s="9"/>
            <c r="AK1" s="9"/>
            <c r="AL1" s="9"/>
            <c r="AM1" s="9"/>
            <c r="AN1" s="9"/>
            <c r="AO1" s="9"/>
            <c r="AP1" s="9"/>
            <c r="AQ1" s="9"/>
            <c r="AR1" s="9"/>
            <c r="AS1" s="9"/>
            <c r="AT1" s="9"/>
            <c r="AU1" s="9"/>
            <c r="AV1" s="9"/>
            <c r="AW1" s="9"/>
            <c r="AX1" s="9"/>
            <c r="AY1" s="9"/>
            <c r="AZ1" s="9"/>
            <c r="BA1" s="9"/>
            <c r="BB1" s="9"/>
            <c r="BC1" s="9"/>
            <c r="BD1" s="9"/>
            <c r="BE1" s="9"/>
            <c r="BF1" s="9"/>
            <c r="BG1" s="9"/>
            <c r="BH1" s="9"/>
            <c r="BI1" s="9"/>
            <c r="BJ1" s="9"/>
            <c r="BK1" s="9"/>
            <c r="BL1" s="9"/>
            <c r="BM1" s="9"/>
            <c r="BN1" s="9"/>
            <c r="BO1" s="9"/>
            <c r="BP1" s="9"/>
            <c r="BQ1" s="9"/>
            <c r="BR1" s="9"/>
            <c r="BS1" s="9"/>
            <c r="BT1" s="9"/>
            <c r="BU1" s="9"/>
            <c r="BV1" s="9"/>
            <c r="BW1" s="9"/>
            <c r="BX1" s="9"/>
            <c r="BY1" s="9"/>
            <c r="BZ1" s="9"/>
            <c r="CA1" s="9"/>
            <c r="CB1" s="9"/>
            <c r="CC1" s="9"/>
            <c r="CD1" s="9"/>
            <c r="CE1" s="9"/>
            <c r="CF1" s="9"/>
            <c r="CG1" s="9"/>
            <c r="CH1" s="9"/>
            <c r="CI1" s="9"/>
            <c r="CJ1" s="9"/>
            <c r="CK1" s="9"/>
            <c r="CL1" s="73"/>
            <c r="CM1" s="74"/>
            <c r="CN1" s="75" t="s">
                <v>22</v>
            </c>
            <c r="CO1" s="76"/>
            <c r="CP1" s="76"/>
            <c r="CQ1" s="76"/>
            <c r="CR1" s="76"/>
            <c r="CS1" s="76"/>
            <c r="CT1" s="76"/>
            <c r="CU1" s="76"/>
            <c r="CV1" s="76"/>
            <c r="CW1" s="76"/>
            <c r="CX1" s="76"/>
            <c r="CY1" s="76"/>
            <c r="CZ1" s="76"/>
            <c r="DA1" s="76"/>
            <c r="DB1" s="76"/>
            <c r="DC1" s="76"/>
            <c r="DD1" s="76"/>
            <c r="DE1" s="76"/>
            <c r="DF1" s="76"/>
            <c r="DG1" s="76"/>
            <c r="DH1" s="76"/>
            <c r="DI1" s="76"/>
            <c r="DJ1" s="76"/>
            <c r="DK1" s="76"/>
            <c r="DL1" s="76"/>
            <c r="DM1" s="76"/>
            <c r="DN1" s="77"/>
        </row>
        <row r="2" spans="1:118" ht="12.95" customHeight="1">
            <c r="A2" s="2"/>
            <c r="B2" s="2"/>
            <c r="C2" s="2"/>
            <c r="D2" s="2"/>
            <c r="E2" s="2"/>
            <c r="F2" s="2"/>
            <c r="G2" s="2"/>
            <c r="H2" s="2"/>
            <c r="I2" s="2"/>
            <c r="J2" s="2"/>
            <c r="K2" s="2"/>
            <c r="L2" s="2"/>
            <c r="M2" s="2"/>
            <c r="N2" s="2"/>
            <c r="O2" s="2"/>
            <c r="P2" s="2"/>
            <c r="Q2" s="2"/>
            <c r="R2" s="2"/>
            <c r="S2" s="2"/>
            <c r="T2" s="2"/>
            <c r="U2" s="2"/>
            <c r="V2" s="2"/>
            <c r="W2" s="2"/>
            <c r="X2" s="2"/>
            <c r="Y2" s="2"/>
            <c r="Z2" s="2"/>
            <c r="AA2" s="2"/>
            <c r="AB2" s="2"/>
            <c r="AC2" s="2"/>
            <c r="AD2" s="2"/>
            <c r="AE2" s="2"/>
            <c r="AF2" s="2"/>
            <c r="AG2" s="2"/>
            <c r="AH2" s="2"/>
            <c r="AI2" s="2"/>
            <c r="AJ2" s="2"/>
            <c r="AK2" s="2"/>
            <c r="AL2" s="2"/>
            <c r="AM2" s="2"/>
            <c r="AN2" s="2"/>
            <c r="AO2" s="2"/>
            <c r="AP2" s="2"/>
            <c r="AQ2" s="2"/>
            <c r="AR2" s="2"/>
            <c r="AS2" s="2"/>
            <c r="AT2" s="2"/>
            <c r="AU2" s="2"/>
            <c r="AV2" s="2"/>
            <c r="AW2" s="2"/>
            <c r="AX2" s="2"/>
            <c r="AY2" s="2"/>
            <c r="AZ2" s="2"/>
            <c r="BA2" s="2"/>
            <c r="BB2" s="2"/>
            <c r="BC2" s="2"/>
            <c r="BD2" s="2"/>
            <c r="BE2" s="2"/>
            <c r="BF2" s="2"/>
            <c r="BG2" s="2"/>
            <c r="BH2" s="2"/>
            <c r="BI2" s="2"/>
            <c r="BJ2" s="2"/>
            <c r="BK2" s="2"/>
            <c r="BL2" s="2"/>
            <c r="BM2" s="2"/>
            <c r="BN2" s="2"/>
            <c r="BO2" s="2"/>
            <c r="BP2" s="2"/>
            <c r="BQ2" s="2"/>
            <c r="BR2" s="2"/>
            <c r="BS2" s="2"/>
            <c r="BT2" s="2"/>
            <c r="BU2" s="2"/>
            <c r="BV2" s="2"/>
            <c r="BW2" s="2"/>
            <c r="BX2" s="2"/>
            <c r="BY2" s="2"/>
            <c r="BZ2" s="2"/>
            <c r="CA2" s="2"/>
            <c r="CB2" s="2"/>
            <c r="CC2" s="2"/>
            <c r="CD2" s="2"/>
            <c r="CE2" s="2"/>
            <c r="CF2" s="2"/>
            <c r="CG2" s="2"/>
            <c r="CH2" s="2"/>
            <c r="CI2" s="2"/>
            <c r="CJ2" s="2"/>
            <c r="CK2" s="2"/>
            <c r="CL2" s="3"/>
            <c r="CM2" s="4"/>
            <c r="CN2" s="5"/>
            <c r="CO2" s="5"/>
            <c r="CP2" s="5"/>
            <c r="CQ2" s="5"/>
            <c r="CR2" s="5"/>
            <c r="CS2" s="5"/>
            <c r="CT2" s="5"/>
            <c r="CU2" s="5"/>
            <c r="CV2" s="5"/>
            <c r="CW2" s="5"/>
            <c r="CX2" s="5"/>
            <c r="CY2" s="5"/>
            <c r="CZ2" s="5"/>
            <c r="DA2" s="5"/>
            <c r="DB2" s="5"/>
            <c r="DC2" s="5"/>
            <c r="DD2" s="5"/>
            <c r="DE2" s="5"/>
            <c r="DF2" s="5"/>
            <c r="DG2" s="5"/>
            <c r="DH2" s="5"/>
            <c r="DI2" s="5"/>
            <c r="DJ2" s="5"/>
            <c r="DK2" s="5"/>
            <c r="DL2" s="5"/>
            <c r="DM2" s="5"/>
            <c r="DN2" s="5"/>
        </row>
        <row r="3" spans="1:118" ht="12.95" customHeight="1">
            <c r="A3" s="49" t="s">
                <v>11</v>
            </c>
            <c r="B3" s="50"/>
            <c r="C3" s="50"/>
            <c r="D3" s="50"/>
            <c r="E3" s="50"/>
            <c r="F3" s="50"/>
            <c r="G3" s="51"/>
            <c r="H3" s="49" t="s">
                <v>12</v>
            </c>
            <c r="I3" s="50"/>
            <c r="J3" s="50"/>
            <c r="K3" s="50"/>
            <c r="L3" s="50"/>
            <c r="M3" s="50"/>
            <c r="N3" s="50"/>
            <c r="O3" s="50"/>
            <c r="P3" s="50"/>
            <c r="Q3" s="50"/>
            <c r="R3" s="50"/>
            <c r="S3" s="50"/>
            <c r="T3" s="50"/>
            <c r="U3" s="50"/>
            <c r="V3" s="50"/>
            <c r="W3" s="50"/>
            <c r="X3" s="50"/>
            <c r="Y3" s="50"/>
            <c r="Z3" s="50"/>
            <c r="AA3" s="50"/>
            <c r="AB3" s="50"/>
            <c r="AC3" s="50"/>
            <c r="AD3" s="50"/>
            <c r="AE3" s="50"/>
            <c r="AF3" s="50"/>
            <c r="AG3" s="50"/>
            <c r="AH3" s="51"/>
            <c r="AI3" s="49" t="s">
                <v>10</v>
            </c>
            <c r="AJ3" s="50"/>
            <c r="AK3" s="50"/>
            <c r="AL3" s="50"/>
            <c r="AM3" s="50"/>
            <c r="AN3" s="50"/>
            <c r="AO3" s="50"/>
            <c r="AP3" s="50"/>
            <c r="AQ3" s="50"/>
            <c r="AR3" s="50"/>
            <c r="AS3" s="50"/>
            <c r="AT3" s="50"/>
            <c r="AU3" s="50"/>
            <c r="AV3" s="50"/>
            <c r="AW3" s="50"/>
            <c r="AX3" s="50"/>
            <c r="AY3" s="50"/>
            <c r="AZ3" s="50"/>
            <c r="BA3" s="50"/>
            <c r="BB3" s="50"/>
            <c r="BC3" s="50"/>
            <c r="BD3" s="50"/>
            <c r="BE3" s="50"/>
            <c r="BF3" s="51"/>
            <c r="BG3" s="58" t="s">
                <v>0</v>
            </c>
            <c r="BH3" s="59"/>
            <c r="BI3" s="59"/>
            <c r="BJ3" s="59"/>
            <c r="BK3" s="59"/>
            <c r="BL3" s="59"/>
            <c r="BM3" s="59"/>
            <c r="BN3" s="59"/>
            <c r="BO3" s="59"/>
            <c r="BP3" s="59"/>
            <c r="BQ3" s="59"/>
            <c r="BR3" s="59"/>
            <c r="BS3" s="59"/>
            <c r="BT3" s="59"/>
            <c r="BU3" s="59"/>
            <c r="BV3" s="59"/>
            <c r="BW3" s="59"/>
            <c r="BX3" s="59"/>
            <c r="BY3" s="59"/>
            <c r="BZ3" s="59"/>
            <c r="CA3" s="59"/>
            <c r="CB3" s="59"/>
            <c r="CC3" s="59"/>
            <c r="CD3" s="59"/>
            <c r="CE3" s="59"/>
            <c r="CF3" s="59"/>
            <c r="CG3" s="59"/>
            <c r="CH3" s="59"/>
            <c r="CI3" s="59"/>
            <c r="CJ3" s="60"/>
            <c r="CK3" s="58" t="s">
                <v>9</v>
            </c>
            <c r="CL3" s="59"/>
            <c r="CM3" s="59"/>
            <c r="CN3" s="59"/>
            <c r="CO3" s="59"/>
            <c r="CP3" s="59"/>
            <c r="CQ3" s="59"/>
            <c r="CR3" s="59"/>
            <c r="CS3" s="59"/>
            <c r="CT3" s="59"/>
            <c r="CU3" s="59"/>
            <c r="CV3" s="59"/>
            <c r="CW3" s="59"/>
            <c r="CX3" s="59"/>
            <c r="CY3" s="59"/>
            <c r="CZ3" s="59"/>
            <c r="DA3" s="59"/>
            <c r="DB3" s="59"/>
            <c r="DC3" s="59"/>
            <c r="DD3" s="59"/>
            <c r="DE3" s="59"/>
            <c r="DF3" s="59"/>
            <c r="DG3" s="59"/>
            <c r="DH3" s="59"/>
            <c r="DI3" s="59"/>
            <c r="DJ3" s="59"/>
            <c r="DK3" s="59"/>
            <c r="DL3" s="59"/>
            <c r="DM3" s="59"/>
            <c r="DN3" s="60"/>
        </row>
        <row r="4" spans="1:118" ht="12.95" customHeight="1">
            <c r="A4" s="52"/>
            <c r="B4" s="53"/>
            <c r="C4" s="53"/>
            <c r="D4" s="53"/>
            <c r="E4" s="53"/>
            <c r="F4" s="53"/>
            <c r="G4" s="54"/>
            <c r="H4" s="52"/>
            <c r="I4" s="53"/>
            <c r="J4" s="53"/>
            <c r="K4" s="53"/>
            <c r="L4" s="53"/>
            <c r="M4" s="53"/>
            <c r="N4" s="53"/>
            <c r="O4" s="53"/>
            <c r="P4" s="53"/>
            <c r="Q4" s="53"/>
            <c r="R4" s="53"/>
            <c r="S4" s="53"/>
            <c r="T4" s="53"/>
            <c r="U4" s="53"/>
            <c r="V4" s="53"/>
            <c r="W4" s="53"/>
            <c r="X4" s="53"/>
            <c r="Y4" s="53"/>
            <c r="Z4" s="53"/>
            <c r="AA4" s="53"/>
            <c r="AB4" s="53"/>
            <c r="AC4" s="53"/>
            <c r="AD4" s="53"/>
            <c r="AE4" s="53"/>
            <c r="AF4" s="53"/>
            <c r="AG4" s="53"/>
            <c r="AH4" s="54"/>
            <c r="AI4" s="52"/>
            <c r="AJ4" s="53"/>
            <c r="AK4" s="53"/>
            <c r="AL4" s="53"/>
            <c r="AM4" s="53"/>
            <c r="AN4" s="53"/>
            <c r="AO4" s="53"/>
            <c r="AP4" s="53"/>
            <c r="AQ4" s="53"/>
            <c r="AR4" s="53"/>
            <c r="AS4" s="53"/>
            <c r="AT4" s="53"/>
            <c r="AU4" s="53"/>
            <c r="AV4" s="53"/>
            <c r="AW4" s="53"/>
            <c r="AX4" s="53"/>
            <c r="AY4" s="53"/>
            <c r="AZ4" s="53"/>
            <c r="BA4" s="53"/>
            <c r="BB4" s="53"/>
            <c r="BC4" s="53"/>
            <c r="BD4" s="53"/>
            <c r="BE4" s="53"/>
            <c r="BF4" s="54"/>
            <c r="BG4" s="61"/>
            <c r="BH4" s="62"/>
            <c r="BI4" s="62"/>
            <c r="BJ4" s="62"/>
            <c r="BK4" s="62"/>
            <c r="BL4" s="62"/>
            <c r="BM4" s="62"/>
            <c r="BN4" s="62"/>
            <c r="BO4" s="62"/>
            <c r="BP4" s="62"/>
            <c r="BQ4" s="62"/>
            <c r="BR4" s="62"/>
            <c r="BS4" s="62"/>
            <c r="BT4" s="62"/>
            <c r="BU4" s="62"/>
            <c r="BV4" s="62"/>
            <c r="BW4" s="62"/>
            <c r="BX4" s="62"/>
            <c r="BY4" s="62"/>
            <c r="BZ4" s="62"/>
            <c r="CA4" s="62"/>
            <c r="CB4" s="62"/>
            <c r="CC4" s="62"/>
            <c r="CD4" s="62"/>
            <c r="CE4" s="62"/>
            <c r="CF4" s="62"/>
            <c r="CG4" s="62"/>
            <c r="CH4" s="62"/>
            <c r="CI4" s="62"/>
            <c r="CJ4" s="63"/>
            <c r="CK4" s="61"/>
            <c r="CL4" s="62"/>
            <c r="CM4" s="62"/>
            <c r="CN4" s="62"/>
            <c r="CO4" s="62"/>
            <c r="CP4" s="62"/>
            <c r="CQ4" s="62"/>
            <c r="CR4" s="62"/>
            <c r="CS4" s="62"/>
            <c r="CT4" s="62"/>
            <c r="CU4" s="62"/>
            <c r="CV4" s="62"/>
            <c r="CW4" s="62"/>
            <c r="CX4" s="62"/>
            <c r="CY4" s="62"/>
            <c r="CZ4" s="62"/>
            <c r="DA4" s="62"/>
            <c r="DB4" s="62"/>
            <c r="DC4" s="62"/>
            <c r="DD4" s="62"/>
            <c r="DE4" s="62"/>
            <c r="DF4" s="62"/>
            <c r="DG4" s="62"/>
            <c r="DH4" s="62"/>
            <c r="DI4" s="62"/>
            <c r="DJ4" s="62"/>
            <c r="DK4" s="62"/>
            <c r="DL4" s="62"/>
            <c r="DM4" s="62"/>
            <c r="DN4" s="63"/>
        </row>
        <row r="5" spans="1:118" ht="12.95" customHeight="1">
            <c r="A5" s="55"/>
            <c r="B5" s="56"/>
            <c r="C5" s="56"/>
            <c r="D5" s="56"/>
            <c r="E5" s="56"/>
            <c r="F5" s="56"/>
            <c r="G5" s="57"/>
            <c r="H5" s="55"/>
            <c r="I5" s="56"/>
            <c r="J5" s="56"/>
            <c r="K5" s="56"/>
            <c r="L5" s="56"/>
            <c r="M5" s="56"/>
            <c r="N5" s="56"/>
            <c r="O5" s="56"/>
            <c r="P5" s="56"/>
            <c r="Q5" s="56"/>
            <c r="R5" s="56"/>
            <c r="S5" s="56"/>
            <c r="T5" s="56"/>
            <c r="U5" s="56"/>
            <c r="V5" s="56"/>
            <c r="W5" s="56"/>
            <c r="X5" s="56"/>
            <c r="Y5" s="56"/>
            <c r="Z5" s="56"/>
            <c r="AA5" s="56"/>
            <c r="AB5" s="56"/>
            <c r="AC5" s="56"/>
            <c r="AD5" s="56"/>
            <c r="AE5" s="56"/>
            <c r="AF5" s="56"/>
            <c r="AG5" s="56"/>
            <c r="AH5" s="57"/>
            <c r="AI5" s="55"/>
            <c r="AJ5" s="56"/>
            <c r="AK5" s="56"/>
            <c r="AL5" s="56"/>
            <c r="AM5" s="56"/>
            <c r="AN5" s="56"/>
            <c r="AO5" s="56"/>
            <c r="AP5" s="56"/>
            <c r="AQ5" s="56"/>
            <c r="AR5" s="56"/>
            <c r="AS5" s="56"/>
            <c r="AT5" s="56"/>
            <c r="AU5" s="56"/>
            <c r="AV5" s="56"/>
            <c r="AW5" s="56"/>
            <c r="AX5" s="56"/>
            <c r="AY5" s="56"/>
            <c r="AZ5" s="56"/>
            <c r="BA5" s="56"/>
            <c r="BB5" s="56"/>
            <c r="BC5" s="56"/>
            <c r="BD5" s="56"/>
            <c r="BE5" s="56"/>
            <c r="BF5" s="57"/>
            <c r="BG5" s="64" t="s">
                <v>13</v>
            </c>
            <c r="BH5" s="65"/>
            <c r="BI5" s="65"/>
            <c r="BJ5" s="65"/>
            <c r="BK5" s="65"/>
            <c r="BL5" s="65"/>
            <c r="BM5" s="65"/>
            <c r="BN5" s="65"/>
            <c r="BO5" s="65"/>
            <c r="BP5" s="65"/>
            <c r="BQ5" s="65"/>
            <c r="BR5" s="65"/>
            <c r="BS5" s="65"/>
            <c r="BT5" s="65"/>
            <c r="BU5" s="66"/>
            <c r="BV5" s="64" t="s">
                <v>14</v>
            </c>
            <c r="BW5" s="65"/>
            <c r="BX5" s="65"/>
            <c r="BY5" s="65"/>
            <c r="BZ5" s="65"/>
            <c r="CA5" s="65"/>
            <c r="CB5" s="65"/>
            <c r="CC5" s="65"/>
            <c r="CD5" s="65"/>
            <c r="CE5" s="65"/>
            <c r="CF5" s="65"/>
            <c r="CG5" s="65"/>
            <c r="CH5" s="65"/>
            <c r="CI5" s="65"/>
            <c r="CJ5" s="66"/>
            <c r="CK5" s="64" t="s">
                <v>13</v>
            </c>
            <c r="CL5" s="65"/>
            <c r="CM5" s="65"/>
            <c r="CN5" s="65"/>
            <c r="CO5" s="65"/>
            <c r="CP5" s="65"/>
            <c r="CQ5" s="65"/>
            <c r="CR5" s="65"/>
            <c r="CS5" s="65"/>
            <c r="CT5" s="65"/>
            <c r="CU5" s="65"/>
            <c r="CV5" s="65"/>
            <c r="CW5" s="65"/>
            <c r="CX5" s="65"/>
            <c r="CY5" s="66"/>
            <c r="CZ5" s="64" t="s">
                <v>14</v>
            </c>
            <c r="DA5" s="65"/>
            <c r="DB5" s="65"/>
            <c r="DC5" s="65"/>
            <c r="DD5" s="65"/>
            <c r="DE5" s="65"/>
            <c r="DF5" s="65"/>
            <c r="DG5" s="65"/>
            <c r="DH5" s="65"/>
            <c r="DI5" s="65"/>
            <c r="DJ5" s="65"/>
            <c r="DK5" s="65"/>
            <c r="DL5" s="65"/>
            <c r="DM5" s="65"/>
            <c r="DN5" s="66"/>
        </row>
        <row r="6" spans="1:118" ht="12.95" customHeight="1">
            <c r="A6" s="64">
                <v>1</v>
            </c>
            <c r="B6" s="65"/>
            <c r="C6" s="65"/>
            <c r="D6" s="65"/>
            <c r="E6" s="65"/>
            <c r="F6" s="65"/>
            <c r="G6" s="66"/>
            <c r="H6" s="64">
                <v>2</v>
            </c>
            <c r="I6" s="65"/>
            <c r="J6" s="65"/>
            <c r="K6" s="65"/>
            <c r="L6" s="65"/>
            <c r="M6" s="65"/>
            <c r="N6" s="65"/>
            <c r="O6" s="65"/>
            <c r="P6" s="65"/>
            <c r="Q6" s="65"/>
            <c r="R6" s="65"/>
            <c r="S6" s="65"/>
            <c r="T6" s="65"/>
            <c r="U6" s="65"/>
            <c r="V6" s="65"/>
            <c r="W6" s="65"/>
            <c r="X6" s="65"/>
            <c r="Y6" s="65"/>
            <c r="Z6" s="65"/>
            <c r="AA6" s="65"/>
            <c r="AB6" s="65"/>
            <c r="AC6" s="65"/>
            <c r="AD6" s="65"/>
            <c r="AE6" s="65"/>
            <c r="AF6" s="65"/>
            <c r="AG6" s="65"/>
            <c r="AH6" s="66"/>
            <c r="AI6" s="64">
                <v>3</v>
            </c>
            <c r="AJ6" s="65"/>
            <c r="AK6" s="65"/>
            <c r="AL6" s="65"/>
            <c r="AM6" s="65"/>
            <c r="AN6" s="65"/>
            <c r="AO6" s="65"/>
            <c r="AP6" s="65"/>
            <c r="AQ6" s="65"/>
            <c r="AR6" s="65"/>
            <c r="AS6" s="65"/>
            <c r="AT6" s="65"/>
            <c r="AU6" s="65"/>
            <c r="AV6" s="65"/>
            <c r="AW6" s="65"/>
            <c r="AX6" s="65"/>
            <c r="AY6" s="65"/>
            <c r="AZ6" s="65"/>
            <c r="BA6" s="65"/>
            <c r="BB6" s="65"/>
            <c r="BC6" s="65"/>
            <c r="BD6" s="65"/>
            <c r="BE6" s="65"/>
            <c r="BF6" s="66"/>
            <c r="BG6" s="64">
                <v>4</v>
            </c>
            <c r="BH6" s="65"/>
            <c r="BI6" s="65"/>
            <c r="BJ6" s="65"/>
            <c r="BK6" s="65"/>
            <c r="BL6" s="65"/>
            <c r="BM6" s="65"/>
            <c r="BN6" s="65"/>
            <c r="BO6" s="65"/>
            <c r="BP6" s="65"/>
            <c r="BQ6" s="65"/>
            <c r="BR6" s="65"/>
            <c r="BS6" s="65"/>
            <c r="BT6" s="65"/>
            <c r="BU6" s="66"/>
            <c r="BV6" s="64">
                <v>5</v>
            </c>
            <c r="BW6" s="65"/>
            <c r="BX6" s="65"/>
            <c r="BY6" s="65"/>
            <c r="BZ6" s="65"/>
            <c r="CA6" s="65"/>
            <c r="CB6" s="65"/>
            <c r="CC6" s="65"/>
            <c r="CD6" s="65"/>
            <c r="CE6" s="65"/>
            <c r="CF6" s="65"/>
            <c r="CG6" s="65"/>
            <c r="CH6" s="65"/>
            <c r="CI6" s="65"/>
            <c r="CJ6" s="66"/>
            <c r="CK6" s="64">
                <v>6</v>
            </c>
            <c r="CL6" s="65"/>
            <c r="CM6" s="65"/>
            <c r="CN6" s="65"/>
            <c r="CO6" s="65"/>
            <c r="CP6" s="65"/>
            <c r="CQ6" s="65"/>
            <c r="CR6" s="65"/>
            <c r="CS6" s="65"/>
            <c r="CT6" s="65"/>
            <c r="CU6" s="65"/>
            <c r="CV6" s="65"/>
            <c r="CW6" s="65"/>
            <c r="CX6" s="65"/>
            <c r="CY6" s="66"/>
            <c r="CZ6" s="64">
                <v>7</v>
            </c>
            <c r="DA6" s="65"/>
            <c r="DB6" s="65"/>
            <c r="DC6" s="65"/>
            <c r="DD6" s="65"/>
            <c r="DE6" s="65"/>
            <c r="DF6" s="65"/>
            <c r="DG6" s="65"/>
            <c r="DH6" s="65"/>
            <c r="DI6" s="65"/>
            <c r="DJ6" s="65"/>
            <c r="DK6" s="65"/>
            <c r="DL6" s="65"/>
            <c r="DM6" s="65"/>
            <c r="DN6" s="66"/>
        </row>
        <row r="7" spans="1:118" ht="12.95" customHeight="1">
            <c r="A7" s="64"/>
            <c r="B7" s="65"/>
            <c r="C7" s="65"/>
            <c r="D7" s="65"/>
            <c r="E7" s="65"/>
            <c r="F7" s="65"/>
            <c r="G7" s="66"/>
            <c r="H7" s="64" t="s">
                <v>1</v>
            </c>
            <c r="I7" s="65"/>
            <c r="J7" s="65"/>
            <c r="K7" s="65"/>
            <c r="L7" s="65"/>
            <c r="M7" s="65"/>
            <c r="N7" s="65"/>
            <c r="O7" s="65"/>
            <c r="P7" s="65"/>
            <c r="Q7" s="65"/>
            <c r="R7" s="65"/>
            <c r="S7" s="65"/>
            <c r="T7" s="65"/>
            <c r="U7" s="65"/>
            <c r="V7" s="65"/>
            <c r="W7" s="65"/>
            <c r="X7" s="65"/>
            <c r="Y7" s="65"/>
            <c r="Z7" s="65"/>
            <c r="AA7" s="65"/>
            <c r="AB7" s="65"/>
            <c r="AC7" s="65"/>
            <c r="AD7" s="65"/>
            <c r="AE7" s="65"/>
            <c r="AF7" s="65"/>
            <c r="AG7" s="65"/>
            <c r="AH7" s="66"/>
            <c r="AI7" s="64"/>
            <c r="AJ7" s="65"/>
            <c r="AK7" s="65"/>
            <c r="AL7" s="65"/>
            <c r="AM7" s="65"/>
            <c r="AN7" s="65"/>
            <c r="AO7" s="65"/>
            <c r="AP7" s="65"/>
            <c r="AQ7" s="65"/>
            <c r="AR7" s="65"/>
            <c r="AS7" s="65"/>
            <c r="AT7" s="65"/>
            <c r="AU7" s="65"/>
            <c r="AV7" s="65"/>
            <c r="AW7" s="65"/>
            <c r="AX7" s="65"/>
            <c r="AY7" s="65"/>
            <c r="AZ7" s="65"/>
            <c r="BA7" s="65"/>
            <c r="BB7" s="65"/>
            <c r="BC7" s="65"/>
            <c r="BD7" s="65"/>
            <c r="BE7" s="65"/>
            <c r="BF7" s="66"/>
            <c r="BG7" s="6" t="s">
                <v>31</v>
            </c>
            <c r="BH7" s="29"/>
            <c r="BI7" s="29"/>
            <c r="BJ7" s="29"/>
            <c r="BK7" s="29"/>
            <c r="BL7" s="29"/>
            <c r="BM7" s="29"/>
            <c r="BN7" s="29"/>
            <c r="BO7" s="29"/>
            <c r="BP7" s="29"/>
            <c r="BQ7" s="29"/>
            <c r="BR7" s="29"/>
            <c r="BS7" s="29"/>
            <c r="BT7" s="29"/>
            <c r="BU7" s="30"/>
            <c r="BV7" s="20" t="s">
                <v>15</v>
            </c>
            <c r="BW7" s="21"/>
            <c r="BX7" s="21"/>
            <c r="BY7" s="21"/>
            <c r="BZ7" s="21"/>
            <c r="CA7" s="21"/>
            <c r="CB7" s="21"/>
            <c r="CC7" s="21"/>
            <c r="CD7" s="21"/>
            <c r="CE7" s="21"/>
            <c r="CF7" s="21"/>
            <c r="CG7" s="21"/>
            <c r="CH7" s="21"/>
            <c r="CI7" s="21"/>
            <c r="CJ7" s="22"/>
            <c r="CK7" s="6" t="s">
                <v>32</v>
            </c>
            <c r="CL7" s="29"/>
            <c r="CM7" s="29"/>
            <c r="CN7" s="29"/>
            <c r="CO7" s="29"/>
            <c r="CP7" s="29"/>
            <c r="CQ7" s="29"/>
            <c r="CR7" s="29"/>
            <c r="CS7" s="29"/>
            <c r="CT7" s="29"/>
            <c r="CU7" s="29"/>
            <c r="CV7" s="29"/>
            <c r="CW7" s="29"/>
            <c r="CX7" s="29"/>
            <c r="CY7" s="30"/>
            <c r="CZ7" s="20" t="s">
                <v>15</v>
            </c>
            <c r="DA7" s="21"/>
            <c r="DB7" s="21"/>
            <c r="DC7" s="21"/>
            <c r="DD7" s="21"/>
            <c r="DE7" s="21"/>
            <c r="DF7" s="21"/>
            <c r="DG7" s="21"/>
            <c r="DH7" s="21"/>
            <c r="DI7" s="21"/>
            <c r="DJ7" s="21"/>
            <c r="DK7" s="21"/>
            <c r="DL7" s="21"/>
            <c r="DM7" s="21"/>
            <c r="DN7" s="22"/>
        </row>
        <row r="8" spans="1:118" ht="12.95" customHeight="1">
            <c r="A8" s="37" t="s">
                <v>24</v>
            </c>
            <c r="B8" s="38"/>
            <c r="C8" s="38"/>
            <c r="D8" s="38"/>
            <c r="E8" s="38"/>
            <c r="F8" s="38"/>
            <c r="G8" s="39"/>
            <c r="H8" s="43" t="s">
                <v>25</v>
            </c>
            <c r="I8" s="44"/>
            <c r="J8" s="44"/>
            <c r="K8" s="44"/>
            <c r="L8" s="44"/>
            <c r="M8" s="44"/>
            <c r="N8" s="44"/>
            <c r="O8" s="44"/>
            <c r="P8" s="44"/>
            <c r="Q8" s="44"/>
            <c r="R8" s="44"/>
            <c r="S8" s="44"/>
            <c r="T8" s="44"/>
            <c r="U8" s="44"/>
            <c r="V8" s="44"/>
            <c r="W8" s="44"/>
            <c r="X8" s="44"/>
            <c r="Y8" s="44"/>
            <c r="Z8" s="44"/>
            <c r="AA8" s="44"/>
            <c r="AB8" s="44"/>
            <c r="AC8" s="44"/>
            <c r="AD8" s="44"/>
            <c r="AE8" s="44"/>
            <c r="AF8" s="44"/>
            <c r="AG8" s="44"/>
            <c r="AH8" s="45"/>
            <c r="AI8" s="67" t="s">
                <v>44</v>
            </c>
            <c r="AJ8" s="68"/>
            <c r="AK8" s="68"/>
            <c r="AL8" s="68"/>
            <c r="AM8" s="68"/>
            <c r="AN8" s="68"/>
            <c r="AO8" s="68"/>
            <c r="AP8" s="68"/>
            <c r="AQ8" s="68"/>
            <c r="AR8" s="68"/>
            <c r="AS8" s="68"/>
            <c r="AT8" s="68"/>
            <c r="AU8" s="68"/>
            <c r="AV8" s="68"/>
            <c r="AW8" s="68"/>
            <c r="AX8" s="68"/>
            <c r="AY8" s="68"/>
            <c r="AZ8" s="68"/>
            <c r="BA8" s="68"/>
            <c r="BB8" s="68"/>
            <c r="BC8" s="68"/>
            <c r="BD8" s="68"/>
            <c r="BE8" s="68"/>
            <c r="BF8" s="69"/>
            <c r="BG8" s="31" t="s">
                <v>26</v>
            </c>
            <c r="BH8" s="32"/>
            <c r="BI8" s="32"/>
            <c r="BJ8" s="32"/>
            <c r="BK8" s="32"/>
            <c r="BL8" s="32"/>
            <c r="BM8" s="32"/>
            <c r="BN8" s="32"/>
            <c r="BO8" s="32"/>
            <c r="BP8" s="32"/>
            <c r="BQ8" s="32"/>
            <c r="BR8" s="32"/>
            <c r="BS8" s="32"/>
            <c r="BT8" s="32"/>
            <c r="BU8" s="33"/>
            <c r="BV8" s="31" t="s">
                <v>27</v>
            </c>
            <c r="BW8" s="32"/>
            <c r="BX8" s="32"/>
            <c r="BY8" s="32"/>
            <c r="BZ8" s="32"/>
            <c r="CA8" s="32"/>
            <c r="CB8" s="32"/>
            <c r="CC8" s="32"/>
            <c r="CD8" s="32"/>
            <c r="CE8" s="32"/>
            <c r="CF8" s="32"/>
            <c r="CG8" s="32"/>
            <c r="CH8" s="32"/>
            <c r="CI8" s="32"/>
            <c r="CJ8" s="33"/>
            <c r="CK8" s="31" t="s">
                <v>28</v>
            </c>
            <c r="CL8" s="32"/>
            <c r="CM8" s="32"/>
            <c r="CN8" s="32"/>
            <c r="CO8" s="32"/>
            <c r="CP8" s="32"/>
            <c r="CQ8" s="32"/>
            <c r="CR8" s="32"/>
            <c r="CS8" s="32"/>
            <c r="CT8" s="32"/>
            <c r="CU8" s="32"/>
            <c r="CV8" s="32"/>
            <c r="CW8" s="32"/>
            <c r="CX8" s="32"/>
            <c r="CY8" s="33"/>
            <c r="CZ8" s="31" t="s">
                <v>29</v>
            </c>
            <c r="DA8" s="32"/>
            <c r="DB8" s="32"/>
            <c r="DC8" s="32"/>
            <c r="DD8" s="32"/>
            <c r="DE8" s="32"/>
            <c r="DF8" s="32"/>
            <c r="DG8" s="32"/>
            <c r="DH8" s="32"/>
            <c r="DI8" s="32"/>
            <c r="DJ8" s="32"/>
            <c r="DK8" s="32"/>
            <c r="DL8" s="32"/>
            <c r="DM8" s="32"/>
            <c r="DN8" s="33"/>
        </row>
        <row r="9" spans="1:118" ht="12.95" customHeight="1">
            <c r="A9" s="40"/>
            <c r="B9" s="41"/>
            <c r="C9" s="41"/>
            <c r="D9" s="41"/>
            <c r="E9" s="41"/>
            <c r="F9" s="41"/>
            <c r="G9" s="42"/>
            <c r="H9" s="46"/>
            <c r="I9" s="47"/>
            <c r="J9" s="47"/>
            <c r="K9" s="47"/>
            <c r="L9" s="47"/>
            <c r="M9" s="47"/>
            <c r="N9" s="47"/>
            <c r="O9" s="47"/>
            <c r="P9" s="47"/>
            <c r="Q9" s="47"/>
            <c r="R9" s="47"/>
            <c r="S9" s="47"/>
            <c r="T9" s="47"/>
            <c r="U9" s="47"/>
            <c r="V9" s="47"/>
            <c r="W9" s="47"/>
            <c r="X9" s="47"/>
            <c r="Y9" s="47"/>
            <c r="Z9" s="47"/>
            <c r="AA9" s="47"/>
            <c r="AB9" s="47"/>
            <c r="AC9" s="47"/>
            <c r="AD9" s="47"/>
            <c r="AE9" s="47"/>
            <c r="AF9" s="47"/>
            <c r="AG9" s="47"/>
            <c r="AH9" s="48"/>
            <c r="AI9" s="70"/>
            <c r="AJ9" s="71"/>
            <c r="AK9" s="71"/>
            <c r="AL9" s="71"/>
            <c r="AM9" s="71"/>
            <c r="AN9" s="71"/>
            <c r="AO9" s="71"/>
            <c r="AP9" s="71"/>
            <c r="AQ9" s="71"/>
            <c r="AR9" s="71"/>
            <c r="AS9" s="71"/>
            <c r="AT9" s="71"/>
            <c r="AU9" s="71"/>
            <c r="AV9" s="71"/>
            <c r="AW9" s="71"/>
            <c r="AX9" s="71"/>
            <c r="AY9" s="71"/>
            <c r="AZ9" s="71"/>
            <c r="BA9" s="71"/>
            <c r="BB9" s="71"/>
            <c r="BC9" s="71"/>
            <c r="BD9" s="71"/>
            <c r="BE9" s="71"/>
            <c r="BF9" s="72"/>
            <c r="BG9" s="34"/>
            <c r="BH9" s="35"/>
            <c r="BI9" s="35"/>
            <c r="BJ9" s="35"/>
            <c r="BK9" s="35"/>
            <c r="BL9" s="35"/>
            <c r="BM9" s="35"/>
            <c r="BN9" s="35"/>
            <c r="BO9" s="35"/>
            <c r="BP9" s="35"/>
            <c r="BQ9" s="35"/>
            <c r="BR9" s="35"/>
            <c r="BS9" s="35"/>
            <c r="BT9" s="35"/>
            <c r="BU9" s="36"/>
            <c r="BV9" s="34"/>
            <c r="BW9" s="35"/>
            <c r="BX9" s="35"/>
            <c r="BY9" s="35"/>
            <c r="BZ9" s="35"/>
            <c r="CA9" s="35"/>
            <c r="CB9" s="35"/>
            <c r="CC9" s="35"/>
            <c r="CD9" s="35"/>
            <c r="CE9" s="35"/>
            <c r="CF9" s="35"/>
            <c r="CG9" s="35"/>
            <c r="CH9" s="35"/>
            <c r="CI9" s="35"/>
            <c r="CJ9" s="36"/>
            <c r="CK9" s="34"/>
            <c r="CL9" s="35"/>
            <c r="CM9" s="35"/>
            <c r="CN9" s="35"/>
            <c r="CO9" s="35"/>
            <c r="CP9" s="35"/>
            <c r="CQ9" s="35"/>
            <c r="CR9" s="35"/>
            <c r="CS9" s="35"/>
            <c r="CT9" s="35"/>
            <c r="CU9" s="35"/>
            <c r="CV9" s="35"/>
            <c r="CW9" s="35"/>
            <c r="CX9" s="35"/>
            <c r="CY9" s="36"/>
            <c r="CZ9" s="34"/>
            <c r="DA9" s="35"/>
            <c r="DB9" s="35"/>
            <c r="DC9" s="35"/>
            <c r="DD9" s="35"/>
            <c r="DE9" s="35"/>
            <c r="DF9" s="35"/>
            <c r="DG9" s="35"/>
            <c r="DH9" s="35"/>
            <c r="DI9" s="35"/>
            <c r="DJ9" s="35"/>
            <c r="DK9" s="35"/>
            <c r="DL9" s="35"/>
            <c r="DM9" s="35"/>
            <c r="DN9" s="36"/>
        </row>
        <row r="10" spans="1:118" ht="12.95" customHeight="1">
            <c r="A10" s="9"/>
            <c r="B10" s="9"/>
            <c r="C10" s="9"/>
            <c r="D10" s="9"/>
            <c r="E10" s="9"/>
            <c r="F10" s="9"/>
            <c r="G10" s="9"/>
            <c r="H10" s="9"/>
            <c r="I10" s="9"/>
            <c r="J10" s="9"/>
            <c r="K10" s="9"/>
            <c r="L10" s="9"/>
            <c r="M10" s="9"/>
            <c r="N10" s="9"/>
            <c r="O10" s="9"/>
            <c r="P10" s="9"/>
            <c r="Q10" s="9"/>
            <c r="R10" s="9"/>
            <c r="S10" s="9"/>
            <c r="T10" s="9"/>
            <c r="U10" s="9"/>
            <c r="V10" s="9"/>
            <c r="W10" s="9"/>
            <c r="X10" s="9"/>
            <c r="Y10" s="9"/>
            <c r="Z10" s="9"/>
            <c r="AA10" s="9"/>
            <c r="AB10" s="9"/>
            <c r="AC10" s="9"/>
            <c r="AD10" s="9"/>
            <c r="AE10" s="9"/>
            <c r="AF10" s="9"/>
            <c r="AG10" s="9"/>
            <c r="AH10" s="9"/>
            <c r="AI10" s="14" t="s">
                <v>16</v>
            </c>
            <c r="AJ10" s="14"/>
            <c r="AK10" s="14"/>
            <c r="AL10" s="14"/>
            <c r="AM10" s="14"/>
            <c r="AN10" s="14"/>
            <c r="AO10" s="14"/>
            <c r="AP10" s="14"/>
            <c r="AQ10" s="14"/>
            <c r="AR10" s="14"/>
            <c r="AS10" s="14"/>
            <c r="AT10" s="14"/>
            <c r="AU10" s="14"/>
            <c r="AV10" s="14"/>
            <c r="AW10" s="14"/>
            <c r="AX10" s="14"/>
            <c r="AY10" s="14"/>
            <c r="AZ10" s="14"/>
            <c r="BA10" s="14"/>
            <c r="BB10" s="14"/>
            <c r="BC10" s="14"/>
            <c r="BD10" s="14"/>
            <c r="BE10" s="14"/>
            <c r="BF10" s="15"/>
            <c r="BG10" s="6" t="s">
                <v>30</v>
            </c>
            <c r="BH10" s="29"/>
            <c r="BI10" s="29"/>
            <c r="BJ10" s="29"/>
            <c r="BK10" s="29"/>
            <c r="BL10" s="29"/>
            <c r="BM10" s="29"/>
            <c r="BN10" s="29"/>
            <c r="BO10" s="29"/>
            <c r="BP10" s="29"/>
            <c r="BQ10" s="29"/>
            <c r="BR10" s="29"/>
            <c r="BS10" s="29"/>
            <c r="BT10" s="29"/>
            <c r="BU10" s="30"/>
            <c r="BV10" s="6" t="s">
                <v>33</v>
            </c>
            <c r="BW10" s="29"/>
            <c r="BX10" s="29"/>
            <c r="BY10" s="29"/>
            <c r="BZ10" s="29"/>
            <c r="CA10" s="29"/>
            <c r="CB10" s="29"/>
            <c r="CC10" s="29"/>
            <c r="CD10" s="29"/>
            <c r="CE10" s="29"/>
            <c r="CF10" s="29"/>
            <c r="CG10" s="29"/>
            <c r="CH10" s="29"/>
            <c r="CI10" s="29"/>
            <c r="CJ10" s="30"/>
            <c r="CK10" s="6" t="s">
                <v>34</v>
            </c>
            <c r="CL10" s="29"/>
            <c r="CM10" s="29"/>
            <c r="CN10" s="29"/>
            <c r="CO10" s="29"/>
            <c r="CP10" s="29"/>
            <c r="CQ10" s="29"/>
            <c r="CR10" s="29"/>
            <c r="CS10" s="29"/>
            <c r="CT10" s="29"/>
            <c r="CU10" s="29"/>
            <c r="CV10" s="29"/>
            <c r="CW10" s="29"/>
            <c r="CX10" s="29"/>
            <c r="CY10" s="30"/>
            <c r="CZ10" s="6" t="s">
                <v>35</v>
            </c>
            <c r="DA10" s="7"/>
            <c r="DB10" s="7"/>
            <c r="DC10" s="7"/>
            <c r="DD10" s="7"/>
            <c r="DE10" s="7"/>
            <c r="DF10" s="7"/>
            <c r="DG10" s="7"/>
            <c r="DH10" s="7"/>
            <c r="DI10" s="7"/>
            <c r="DJ10" s="7"/>
            <c r="DK10" s="7"/>
            <c r="DL10" s="7"/>
            <c r="DM10" s="7"/>
            <c r="DN10" s="8"/>
        </row>
        <row r="11" spans="1:118" ht="12.95" customHeight="1">
            <c r="A11" s="9"/>
            <c r="B11" s="9"/>
            <c r="C11" s="9"/>
            <c r="D11" s="9"/>
            <c r="E11" s="9"/>
            <c r="F11" s="9"/>
            <c r="G11" s="9"/>
            <c r="H11" s="9"/>
            <c r="I11" s="9"/>
            <c r="J11" s="9"/>
            <c r="K11" s="9"/>
            <c r="L11" s="9"/>
            <c r="M11" s="9"/>
            <c r="N11" s="9"/>
            <c r="O11" s="9"/>
            <c r="P11" s="9"/>
            <c r="Q11" s="9"/>
            <c r="R11" s="9"/>
            <c r="S11" s="9"/>
            <c r="T11" s="9"/>
            <c r="U11" s="9"/>
            <c r="V11" s="9"/>
            <c r="W11" s="9"/>
            <c r="X11" s="9"/>
            <c r="Y11" s="9"/>
            <c r="Z11" s="9"/>
            <c r="AA11" s="9"/>
            <c r="AB11" s="9"/>
            <c r="AC11" s="9"/>
            <c r="AD11" s="9"/>
            <c r="AE11" s="9"/>
            <c r="AF11" s="9"/>
            <c r="AG11" s="9"/>
            <c r="AH11" s="9"/>
            <c r="AI11" s="14" t="s">
                <v>17</v>
            </c>
            <c r="AJ11" s="14"/>
            <c r="AK11" s="14"/>
            <c r="AL11" s="14"/>
            <c r="AM11" s="14"/>
            <c r="AN11" s="14"/>
            <c r="AO11" s="14"/>
            <c r="AP11" s="14"/>
            <c r="AQ11" s="14"/>
            <c r="AR11" s="14"/>
            <c r="AS11" s="14"/>
            <c r="AT11" s="14"/>
            <c r="AU11" s="14"/>
            <c r="AV11" s="14"/>
            <c r="AW11" s="14"/>
            <c r="AX11" s="14"/>
            <c r="AY11" s="14"/>
            <c r="AZ11" s="14"/>
            <c r="BA11" s="14"/>
            <c r="BB11" s="14"/>
            <c r="BC11" s="14"/>
            <c r="BD11" s="14"/>
            <c r="BE11" s="14"/>
            <c r="BF11" s="15"/>
            <c r="BG11" s="6" t="s">
                <v>36</v>
            </c>
            <c r="BH11" s="29"/>
            <c r="BI11" s="29"/>
            <c r="BJ11" s="29"/>
            <c r="BK11" s="29"/>
            <c r="BL11" s="29"/>
            <c r="BM11" s="29"/>
            <c r="BN11" s="29"/>
            <c r="BO11" s="29"/>
            <c r="BP11" s="29"/>
            <c r="BQ11" s="29"/>
            <c r="BR11" s="29"/>
            <c r="BS11" s="29"/>
            <c r="BT11" s="29"/>
            <c r="BU11" s="30"/>
            <c r="BV11" s="20" t="s">
                <v>15</v>
            </c>
            <c r="BW11" s="21"/>
            <c r="BX11" s="21"/>
            <c r="BY11" s="21"/>
            <c r="BZ11" s="21"/>
            <c r="CA11" s="21"/>
            <c r="CB11" s="21"/>
            <c r="CC11" s="21"/>
            <c r="CD11" s="21"/>
            <c r="CE11" s="21"/>
            <c r="CF11" s="21"/>
            <c r="CG11" s="21"/>
            <c r="CH11" s="21"/>
            <c r="CI11" s="21"/>
            <c r="CJ11" s="22"/>
            <c r="CK11" s="6" t="s">
                <v>37</v>
            </c>
            <c r="CL11" s="29"/>
            <c r="CM11" s="29"/>
            <c r="CN11" s="29"/>
            <c r="CO11" s="29"/>
            <c r="CP11" s="29"/>
            <c r="CQ11" s="29"/>
            <c r="CR11" s="29"/>
            <c r="CS11" s="29"/>
            <c r="CT11" s="29"/>
            <c r="CU11" s="29"/>
            <c r="CV11" s="29"/>
            <c r="CW11" s="29"/>
            <c r="CX11" s="29"/>
            <c r="CY11" s="30"/>
            <c r="CZ11" s="20" t="s">
                <v>15</v>
            </c>
            <c r="DA11" s="21"/>
            <c r="DB11" s="21"/>
            <c r="DC11" s="21"/>
            <c r="DD11" s="21"/>
            <c r="DE11" s="21"/>
            <c r="DF11" s="21"/>
            <c r="DG11" s="21"/>
            <c r="DH11" s="21"/>
            <c r="DI11" s="21"/>
            <c r="DJ11" s="21"/>
            <c r="DK11" s="21"/>
            <c r="DL11" s="21"/>
            <c r="DM11" s="21"/>
            <c r="DN11" s="22"/>
        </row>
        <row r="12" spans="1:118" ht="12.95" customHeight="1">
            <c r="A12" s="9"/>
            <c r="B12" s="9"/>
            <c r="C12" s="9"/>
            <c r="D12" s="9"/>
            <c r="E12" s="9"/>
            <c r="F12" s="9"/>
            <c r="G12" s="9"/>
            <c r="H12" s="9"/>
            <c r="I12" s="9"/>
            <c r="J12" s="9"/>
            <c r="K12" s="9"/>
            <c r="L12" s="9"/>
            <c r="M12" s="9"/>
            <c r="N12" s="9"/>
            <c r="O12" s="9"/>
            <c r="P12" s="9"/>
            <c r="Q12" s="9"/>
            <c r="R12" s="9"/>
            <c r="S12" s="9"/>
            <c r="T12" s="9"/>
            <c r="U12" s="9"/>
            <c r="V12" s="9"/>
            <c r="W12" s="9"/>
            <c r="X12" s="9"/>
            <c r="Y12" s="9"/>
            <c r="Z12" s="9"/>
            <c r="AA12" s="9"/>
            <c r="AB12" s="9"/>
            <c r="AC12" s="9"/>
            <c r="AD12" s="9"/>
            <c r="AE12" s="9"/>
            <c r="AF12" s="9"/>
            <c r="AG12" s="9"/>
            <c r="AH12" s="9"/>
            <c r="AI12" s="14" t="s">
                <v>21</v>
            </c>
            <c r="AJ12" s="14"/>
            <c r="AK12" s="14"/>
            <c r="AL12" s="14"/>
            <c r="AM12" s="14"/>
            <c r="AN12" s="14"/>
            <c r="AO12" s="14"/>
            <c r="AP12" s="14"/>
            <c r="AQ12" s="14"/>
            <c r="AR12" s="14"/>
            <c r="AS12" s="14"/>
            <c r="AT12" s="14"/>
            <c r="AU12" s="14"/>
            <c r="AV12" s="14"/>
            <c r="AW12" s="14"/>
            <c r="AX12" s="14"/>
            <c r="AY12" s="14"/>
            <c r="AZ12" s="14"/>
            <c r="BA12" s="14"/>
            <c r="BB12" s="14"/>
            <c r="BC12" s="14"/>
            <c r="BD12" s="14"/>
            <c r="BE12" s="14"/>
            <c r="BF12" s="15"/>
            <c r="BG12" s="6" t="s">
                <v>38</v>
            </c>
            <c r="BH12" s="7"/>
            <c r="BI12" s="7"/>
            <c r="BJ12" s="7"/>
            <c r="BK12" s="7"/>
            <c r="BL12" s="7"/>
            <c r="BM12" s="7"/>
            <c r="BN12" s="7"/>
            <c r="BO12" s="7"/>
            <c r="BP12" s="7"/>
            <c r="BQ12" s="7"/>
            <c r="BR12" s="7"/>
            <c r="BS12" s="7"/>
            <c r="BT12" s="7"/>
            <c r="BU12" s="8"/>
            <c r="BV12" s="20" t="s">
                <v>15</v>
            </c>
            <c r="BW12" s="21"/>
            <c r="BX12" s="21"/>
            <c r="BY12" s="21"/>
            <c r="BZ12" s="21"/>
            <c r="CA12" s="21"/>
            <c r="CB12" s="21"/>
            <c r="CC12" s="21"/>
            <c r="CD12" s="21"/>
            <c r="CE12" s="21"/>
            <c r="CF12" s="21"/>
            <c r="CG12" s="21"/>
            <c r="CH12" s="21"/>
            <c r="CI12" s="21"/>
            <c r="CJ12" s="22"/>
            <c r="CK12" s="6" t="s">
                <v>39</v>
            </c>
            <c r="CL12" s="29"/>
            <c r="CM12" s="29"/>
            <c r="CN12" s="29"/>
            <c r="CO12" s="29"/>
            <c r="CP12" s="29"/>
            <c r="CQ12" s="29"/>
            <c r="CR12" s="29"/>
            <c r="CS12" s="29"/>
            <c r="CT12" s="29"/>
            <c r="CU12" s="29"/>
            <c r="CV12" s="29"/>
            <c r="CW12" s="29"/>
            <c r="CX12" s="29"/>
            <c r="CY12" s="30"/>
            <c r="CZ12" s="20" t="s">
                <v>15</v>
            </c>
            <c r="DA12" s="21"/>
            <c r="DB12" s="21"/>
            <c r="DC12" s="21"/>
            <c r="DD12" s="21"/>
            <c r="DE12" s="21"/>
            <c r="DF12" s="21"/>
            <c r="DG12" s="21"/>
            <c r="DH12" s="21"/>
            <c r="DI12" s="21"/>
            <c r="DJ12" s="21"/>
            <c r="DK12" s="21"/>
            <c r="DL12" s="21"/>
            <c r="DM12" s="21"/>
            <c r="DN12" s="22"/>
        </row>
        <row r="13" spans="1:118" ht="12.95" customHeight="1">
            <c r="A13" s="9"/>
            <c r="B13" s="9"/>
            <c r="C13" s="9"/>
            <c r="D13" s="9"/>
            <c r="E13" s="9"/>
            <c r="F13" s="9"/>
            <c r="G13" s="9"/>
            <c r="H13" s="13" t="s">
                <v>2</v>
            </c>
            <c r="I13" s="13"/>
            <c r="J13" s="13"/>
            <c r="K13" s="13"/>
            <c r="L13" s="13"/>
            <c r="M13" s="13"/>
            <c r="N13" s="13"/>
            <c r="O13" s="13"/>
            <c r="P13" s="13"/>
            <c r="Q13" s="13"/>
            <c r="R13" s="13"/>
            <c r="S13" s="13"/>
            <c r="T13" s="13"/>
            <c r="U13" s="13"/>
            <c r="V13" s="13"/>
            <c r="W13" s="13"/>
            <c r="X13" s="13"/>
            <c r="Y13" s="13"/>
            <c r="Z13" s="13"/>
            <c r="AA13" s="13"/>
            <c r="AB13" s="13"/>
            <c r="AC13" s="13"/>
            <c r="AD13" s="13"/>
            <c r="AE13" s="13"/>
            <c r="AF13" s="13"/>
            <c r="AG13" s="13"/>
            <c r="AH13" s="13"/>
            <c r="AI13" s="13"/>
            <c r="AJ13" s="13"/>
            <c r="AK13" s="13"/>
            <c r="AL13" s="13"/>
            <c r="AM13" s="13"/>
            <c r="AN13" s="13"/>
            <c r="AO13" s="13"/>
            <c r="AP13" s="13"/>
            <c r="AQ13" s="13"/>
            <c r="AR13" s="13"/>
            <c r="AS13" s="13"/>
            <c r="AT13" s="13"/>
            <c r="AU13" s="13"/>
            <c r="AV13" s="13"/>
            <c r="AW13" s="13"/>
            <c r="AX13" s="13"/>
            <c r="AY13" s="13"/>
            <c r="AZ13" s="13"/>
            <c r="BA13" s="13"/>
            <c r="BB13" s="13"/>
            <c r="BC13" s="13"/>
            <c r="BD13" s="13"/>
            <c r="BE13" s="13"/>
            <c r="BF13" s="23"/>
            <c r="BG13" s="26" t="s">
                <v>40</v>
            </c>
            <c r="BH13" s="27"/>
            <c r="BI13" s="27"/>
            <c r="BJ13" s="27"/>
            <c r="BK13" s="27"/>
            <c r="BL13" s="27"/>
            <c r="BM13" s="27"/>
            <c r="BN13" s="27"/>
            <c r="BO13" s="27"/>
            <c r="BP13" s="27"/>
            <c r="BQ13" s="27"/>
            <c r="BR13" s="27"/>
            <c r="BS13" s="27"/>
            <c r="BT13" s="27"/>
            <c r="BU13" s="27"/>
            <c r="BV13" s="27"/>
            <c r="BW13" s="27"/>
            <c r="BX13" s="27"/>
            <c r="BY13" s="27"/>
            <c r="BZ13" s="27"/>
            <c r="CA13" s="27"/>
            <c r="CB13" s="27"/>
            <c r="CC13" s="27"/>
            <c r="CD13" s="27"/>
            <c r="CE13" s="27"/>
            <c r="CF13" s="27"/>
            <c r="CG13" s="27"/>
            <c r="CH13" s="27"/>
            <c r="CI13" s="27"/>
            <c r="CJ13" s="28"/>
            <c r="CK13" s="24"/>
            <c r="CL13" s="25"/>
            <c r="CM13" s="25"/>
            <c r="CN13" s="25"/>
            <c r="CO13" s="25"/>
            <c r="CP13" s="25"/>
            <c r="CQ13" s="25"/>
            <c r="CR13" s="25"/>
            <c r="CS13" s="25"/>
            <c r="CT13" s="25"/>
            <c r="CU13" s="25"/>
            <c r="CV13" s="25"/>
            <c r="CW13" s="25"/>
            <c r="CX13" s="25"/>
            <c r="CY13" s="25"/>
            <c r="CZ13" s="25"/>
            <c r="DA13" s="25"/>
            <c r="DB13" s="25"/>
            <c r="DC13" s="25"/>
            <c r="DD13" s="25"/>
            <c r="DE13" s="25"/>
            <c r="DF13" s="25"/>
            <c r="DG13" s="25"/>
            <c r="DH13" s="25"/>
            <c r="DI13" s="25"/>
            <c r="DJ13" s="25"/>
            <c r="DK13" s="25"/>
            <c r="DL13" s="25"/>
            <c r="DM13" s="25"/>
            <c r="DN13" s="25"/>
        </row>
        <row r="14" spans="1:118">
            <c r="A14" s="9"/>
            <c r="B14" s="9"/>
            <c r="C14" s="9"/>
            <c r="D14" s="9"/>
            <c r="E14" s="9"/>
            <c r="F14" s="9"/>
            <c r="G14" s="9"/>
            <c r="H14" s="9"/>
            <c r="I14" s="9"/>
            <c r="J14" s="9"/>
            <c r="K14" s="9"/>
            <c r="L14" s="9"/>
            <c r="M14" s="9"/>
            <c r="N14" s="9"/>
            <c r="O14" s="9"/>
            <c r="P14" s="9"/>
            <c r="Q14" s="9"/>
            <c r="R14" s="9"/>
            <c r="S14" s="9"/>
            <c r="T14" s="9"/>
            <c r="U14" s="9"/>
            <c r="V14" s="9"/>
            <c r="W14" s="9"/>
            <c r="X14" s="9"/>
            <c r="Y14" s="9"/>
            <c r="Z14" s="9"/>
            <c r="AA14" s="9"/>
            <c r="AB14" s="9"/>
            <c r="AC14" s="9"/>
            <c r="AD14" s="9"/>
            <c r="AE14" s="9"/>
            <c r="AF14" s="9"/>
            <c r="AG14" s="9"/>
            <c r="AH14" s="9"/>
            <c r="AI14" s="9"/>
            <c r="AJ14" s="9"/>
            <c r="AK14" s="9"/>
            <c r="AL14" s="9"/>
            <c r="AM14" s="9"/>
            <c r="AN14" s="9"/>
            <c r="AO14" s="9"/>
            <c r="AP14" s="9"/>
            <c r="AQ14" s="9"/>
            <c r="AR14" s="9"/>
            <c r="AS14" s="9"/>
            <c r="AT14" s="9"/>
            <c r="AU14" s="9"/>
            <c r="AV14" s="9"/>
            <c r="AW14" s="9"/>
            <c r="AX14" s="9"/>
            <c r="AY14" s="9"/>
            <c r="AZ14" s="9"/>
            <c r="BA14" s="9"/>
            <c r="BB14" s="9"/>
            <c r="BC14" s="9"/>
            <c r="BD14" s="9"/>
            <c r="BE14" s="9"/>
            <c r="BF14" s="9"/>
            <c r="BG14" s="9"/>
            <c r="BH14" s="9"/>
            <c r="BI14" s="9"/>
            <c r="BJ14" s="9"/>
            <c r="BK14" s="9"/>
            <c r="BL14" s="9"/>
            <c r="BM14" s="9"/>
            <c r="BN14" s="9"/>
            <c r="BO14" s="9"/>
            <c r="BP14" s="9"/>
            <c r="BQ14" s="9"/>
            <c r="BR14" s="9"/>
            <c r="BS14" s="9"/>
            <c r="BT14" s="9"/>
            <c r="BU14" s="9"/>
            <c r="BV14" s="9"/>
            <c r="BW14" s="9"/>
            <c r="BX14" s="9"/>
            <c r="BY14" s="9"/>
            <c r="BZ14" s="9"/>
            <c r="CA14" s="9"/>
            <c r="CB14" s="9"/>
            <c r="CC14" s="9"/>
            <c r="CD14" s="9"/>
            <c r="CE14" s="9"/>
            <c r="CF14" s="9"/>
            <c r="CG14" s="9"/>
            <c r="CH14" s="9"/>
            <c r="CI14" s="9"/>
            <c r="CJ14" s="9"/>
            <c r="CK14" s="9"/>
            <c r="CL14" s="9"/>
            <c r="CM14" s="9"/>
            <c r="CN14" s="9"/>
            <c r="CO14" s="9"/>
            <c r="CP14" s="9"/>
            <c r="CQ14" s="9"/>
            <c r="CR14" s="9"/>
            <c r="CS14" s="9"/>
            <c r="CT14" s="9"/>
            <c r="CU14" s="9"/>
            <c r="CV14" s="9"/>
            <c r="CW14" s="9"/>
            <c r="CX14" s="9"/>
            <c r="CY14" s="9"/>
            <c r="CZ14" s="9"/>
            <c r="DA14" s="9"/>
            <c r="DB14" s="9"/>
            <c r="DC14" s="9"/>
            <c r="DD14" s="9"/>
            <c r="DE14" s="9"/>
            <c r="DF14" s="9"/>
            <c r="DG14" s="9"/>
            <c r="DH14" s="9"/>
            <c r="DI14" s="9"/>
            <c r="DJ14" s="9"/>
            <c r="DK14" s="9"/>
            <c r="DL14" s="9"/>
            <c r="DM14" s="9"/>
            <c r="DN14" s="9"/>
        </row>
        <row r="15" spans="1:118" ht="12.95" customHeight="1">
            <c r="A15" s="9"/>
            <c r="B15" s="9"/>
            <c r="C15" s="9" t="s">
                <v>7</v>
            </c>
            <c r="D15" s="9"/>
            <c r="E15" s="9"/>
            <c r="F15" s="9"/>
            <c r="G15" s="9"/>
            <c r="H15" s="9"/>
            <c r="I15" s="9"/>
            <c r="J15" s="9"/>
            <c r="K15" s="9"/>
            <c r="L15" s="9"/>
            <c r="M15" s="9"/>
            <c r="N15" s="9"/>
            <c r="O15" s="9"/>
            <c r="P15" s="9"/>
            <c r="Q15" s="9"/>
            <c r="R15" s="9"/>
            <c r="S15" s="9"/>
            <c r="T15" s="9"/>
            <c r="U15" s="9"/>
            <c r="V15" s="19"/>
            <c r="W15" s="19"/>
            <c r="X15" s="19"/>
            <c r="Y15" s="19"/>
            <c r="Z15" s="19"/>
            <c r="AA15" s="19"/>
            <c r="AB15" s="19"/>
            <c r="AC15" s="19"/>
            <c r="AD15" s="19"/>
            <c r="AE15" s="19"/>
            <c r="AF15" s="19"/>
            <c r="AG15" s="19"/>
            <c r="AH15" s="19"/>
            <c r="AI15" s="19"/>
            <c r="AJ15" s="19"/>
            <c r="AK15" s="19"/>
            <c r="AL15" s="19"/>
            <c r="AM15" s="19"/>
            <c r="AN15" s="19"/>
            <c r="AO15" s="19"/>
            <c r="AP15" s="19"/>
            <c r="AQ15" s="9"/>
            <c r="AR15" s="9"/>
            <c r="AS15" s="18" t="s">
                <v>41</v>
            </c>
            <c r="AT15" s="18"/>
            <c r="AU15" s="18"/>
            <c r="AV15" s="18"/>
            <c r="AW15" s="18"/>
            <c r="AX15" s="18"/>
            <c r="AY15" s="18"/>
            <c r="AZ15" s="18"/>
            <c r="BA15" s="18"/>
            <c r="BB15" s="18"/>
            <c r="BC15" s="18"/>
            <c r="BD15" s="18"/>
            <c r="BE15" s="18"/>
            <c r="BF15" s="18"/>
            <c r="BG15" s="18"/>
            <c r="BH15" s="18"/>
            <c r="BI15" s="18"/>
            <c r="BJ15" s="18"/>
            <c r="BK15" s="18"/>
            <c r="BL15" s="18"/>
            <c r="BM15" s="18"/>
            <c r="BN15" s="18"/>
            <c r="BO15" s="18"/>
            <c r="BP15" s="18"/>
            <c r="BQ15" s="18"/>
            <c r="BR15" s="18"/>
            <c r="BS15" s="18"/>
            <c r="BT15" s="18"/>
            <c r="BU15" s="18"/>
            <c r="BV15" s="18"/>
            <c r="BW15" s="18"/>
            <c r="BX15" s="18"/>
            <c r="BY15" s="18"/>
            <c r="BZ15" s="18"/>
            <c r="CA15" s="18"/>
            <c r="CB15" s="18"/>
            <c r="CC15" s="11"/>
            <c r="CD15" s="11"/>
            <c r="CE15" s="11"/>
            <c r="CF15" s="11"/>
            <c r="CG15" s="11"/>
            <c r="CH15" s="11"/>
            <c r="CI15" s="11"/>
            <c r="CJ15" s="11"/>
            <c r="CK15" s="11"/>
            <c r="CL15" s="11"/>
            <c r="CM15" s="11"/>
            <c r="CN15" s="11"/>
            <c r="CO15" s="11"/>
            <c r="CP15" s="11"/>
            <c r="CQ15" s="11"/>
            <c r="CR15" s="11"/>
            <c r="CS15" s="11"/>
            <c r="CT15" s="11"/>
            <c r="CU15" s="11"/>
            <c r="CV15" s="11"/>
            <c r="CW15" s="11"/>
            <c r="CX15" s="11"/>
            <c r="CY15" s="11"/>
            <c r="CZ15" s="11"/>
            <c r="DA15" s="11"/>
            <c r="DB15" s="11"/>
            <c r="DC15" s="11"/>
            <c r="DD15" s="11"/>
            <c r="DE15" s="11"/>
            <c r="DF15" s="11"/>
            <c r="DG15" s="11"/>
            <c r="DH15" s="11"/>
            <c r="DI15" s="11"/>
            <c r="DJ15" s="11"/>
            <c r="DK15" s="11"/>
            <c r="DL15" s="11"/>
            <c r="DM15" s="11"/>
            <c r="DN15" s="11"/>
        </row>
        <row r="16" spans="1:118" ht="12.95" customHeight="1">
            <c r="A16" s="9"/>
            <c r="B16" s="9"/>
            <c r="C16" s="9"/>
            <c r="D16" s="9"/>
            <c r="E16" s="9"/>
            <c r="F16" s="9"/>
            <c r="G16" s="9"/>
            <c r="H16" s="9"/>
            <c r="I16" s="9"/>
            <c r="J16" s="9"/>
            <c r="K16" s="9"/>
            <c r="L16" s="9"/>
            <c r="M16" s="9"/>
            <c r="N16" s="9"/>
            <c r="O16" s="9"/>
            <c r="P16" s="9"/>
            <c r="Q16" s="9"/>
            <c r="R16" s="9"/>
            <c r="S16" s="9"/>
            <c r="T16" s="9"/>
            <c r="U16" s="9"/>
            <c r="V16" s="12" t="s">
                <v>8</v>
            </c>
            <c r="W16" s="12"/>
            <c r="X16" s="12"/>
            <c r="Y16" s="12"/>
            <c r="Z16" s="12"/>
            <c r="AA16" s="12"/>
            <c r="AB16" s="12"/>
            <c r="AC16" s="12"/>
            <c r="AD16" s="12"/>
            <c r="AE16" s="12"/>
            <c r="AF16" s="12"/>
            <c r="AG16" s="12"/>
            <c r="AH16" s="12"/>
            <c r="AI16" s="12"/>
            <c r="AJ16" s="12"/>
            <c r="AK16" s="12"/>
            <c r="AL16" s="12"/>
            <c r="AM16" s="12"/>
            <c r="AN16" s="12"/>
            <c r="AO16" s="12"/>
            <c r="AP16" s="12"/>
            <c r="AQ16" s="11"/>
            <c r="AR16" s="11"/>
            <c r="AS16" s="12" t="s">
                <v>20</v>
            </c>
            <c r="AT16" s="12"/>
            <c r="AU16" s="12"/>
            <c r="AV16" s="12"/>
            <c r="AW16" s="12"/>
            <c r="AX16" s="12"/>
            <c r="AY16" s="12"/>
            <c r="AZ16" s="12"/>
            <c r="BA16" s="12"/>
            <c r="BB16" s="12"/>
            <c r="BC16" s="12"/>
            <c r="BD16" s="12"/>
            <c r="BE16" s="12"/>
            <c r="BF16" s="12"/>
            <c r="BG16" s="12"/>
            <c r="BH16" s="12"/>
            <c r="BI16" s="12"/>
            <c r="BJ16" s="12"/>
            <c r="BK16" s="12"/>
            <c r="BL16" s="12"/>
            <c r="BM16" s="12"/>
            <c r="BN16" s="12"/>
            <c r="BO16" s="12"/>
            <c r="BP16" s="12"/>
            <c r="BQ16" s="12"/>
            <c r="BR16" s="12"/>
            <c r="BS16" s="12"/>
            <c r="BT16" s="12"/>
            <c r="BU16" s="12"/>
            <c r="BV16" s="12"/>
            <c r="BW16" s="12"/>
            <c r="BX16" s="12"/>
            <c r="BY16" s="12"/>
            <c r="BZ16" s="12"/>
            <c r="CA16" s="12"/>
            <c r="CB16" s="12"/>
            <c r="CC16" s="11"/>
            <c r="CD16" s="11"/>
            <c r="CE16" s="11"/>
            <c r="CF16" s="11"/>
            <c r="CG16" s="11"/>
            <c r="CH16" s="11"/>
            <c r="CI16" s="11"/>
            <c r="CJ16" s="11"/>
            <c r="CK16" s="11"/>
            <c r="CL16" s="11"/>
            <c r="CM16" s="11"/>
            <c r="CN16" s="11"/>
            <c r="CO16" s="11"/>
            <c r="CP16" s="11"/>
            <c r="CQ16" s="11"/>
            <c r="CR16" s="11"/>
            <c r="CS16" s="11"/>
            <c r="CT16" s="11"/>
            <c r="CU16" s="11"/>
            <c r="CV16" s="11"/>
            <c r="CW16" s="11"/>
            <c r="CX16" s="11"/>
            <c r="CY16" s="11"/>
            <c r="CZ16" s="11"/>
            <c r="DA16" s="11"/>
            <c r="DB16" s="11"/>
            <c r="DC16" s="11"/>
            <c r="DD16" s="11"/>
            <c r="DE16" s="11"/>
            <c r="DF16" s="11"/>
            <c r="DG16" s="11"/>
            <c r="DH16" s="11"/>
            <c r="DI16" s="11"/>
            <c r="DJ16" s="11"/>
            <c r="DK16" s="11"/>
            <c r="DL16" s="11"/>
            <c r="DM16" s="11"/>
            <c r="DN16" s="11"/>
        </row>
        <row r="17" spans="1:118" ht="12.95" customHeight="1">
            <c r="A17" s="9"/>
            <c r="B17" s="9"/>
            <c r="C17" s="9"/>
            <c r="D17" s="9"/>
            <c r="E17" s="9"/>
            <c r="F17" s="9"/>
            <c r="G17" s="9"/>
            <c r="H17" s="9"/>
            <c r="I17" s="9"/>
            <c r="J17" s="9"/>
            <c r="K17" s="9"/>
            <c r="L17" s="9"/>
            <c r="M17" s="9"/>
            <c r="N17" s="9"/>
            <c r="O17" s="9"/>
            <c r="P17" s="9"/>
            <c r="Q17" s="9"/>
            <c r="R17" s="9"/>
            <c r="S17" s="9"/>
            <c r="T17" s="9"/>
            <c r="U17" s="9"/>
            <c r="V17" s="9"/>
            <c r="W17" s="9"/>
            <c r="X17" s="9"/>
            <c r="Y17" s="9"/>
            <c r="Z17" s="9"/>
            <c r="AA17" s="9"/>
            <c r="AB17" s="9"/>
            <c r="AC17" s="9"/>
            <c r="AD17" s="9"/>
            <c r="AE17" s="9"/>
            <c r="AF17" s="9"/>
            <c r="AG17" s="9"/>
            <c r="AH17" s="9"/>
            <c r="AI17" s="9"/>
            <c r="AJ17" s="9"/>
            <c r="AK17" s="9"/>
            <c r="AL17" s="9"/>
            <c r="AM17" s="9"/>
            <c r="AN17" s="9"/>
            <c r="AO17" s="9"/>
            <c r="AP17" s="9"/>
            <c r="AQ17" s="9"/>
            <c r="AR17" s="9"/>
            <c r="AS17" s="9"/>
            <c r="AT17" s="9"/>
            <c r="AU17" s="9"/>
            <c r="AV17" s="9"/>
            <c r="AW17" s="9"/>
            <c r="AX17" s="9"/>
            <c r="AY17" s="9"/>
            <c r="AZ17" s="9"/>
            <c r="BA17" s="9"/>
            <c r="BB17" s="9"/>
            <c r="BC17" s="9"/>
            <c r="BD17" s="9"/>
            <c r="BE17" s="9"/>
            <c r="BF17" s="9"/>
            <c r="BG17" s="9"/>
            <c r="BH17" s="9"/>
            <c r="BI17" s="9"/>
            <c r="BJ17" s="9"/>
            <c r="BK17" s="9"/>
            <c r="BL17" s="9"/>
            <c r="BM17" s="9"/>
            <c r="BN17" s="9"/>
            <c r="BO17" s="9"/>
            <c r="BP17" s="9"/>
            <c r="BQ17" s="9"/>
            <c r="BR17" s="9"/>
            <c r="BS17" s="9"/>
            <c r="BT17" s="9"/>
            <c r="BU17" s="9"/>
            <c r="BV17" s="9"/>
            <c r="BW17" s="9"/>
            <c r="BX17" s="9"/>
            <c r="BY17" s="9"/>
            <c r="BZ17" s="9"/>
            <c r="CA17" s="9"/>
            <c r="CB17" s="9"/>
            <c r="CC17" s="9"/>
            <c r="CD17" s="9"/>
            <c r="CE17" s="9"/>
            <c r="CF17" s="9"/>
            <c r="CG17" s="9"/>
            <c r="CH17" s="9"/>
            <c r="CI17" s="9"/>
            <c r="CJ17" s="9"/>
            <c r="CK17" s="9"/>
            <c r="CL17" s="9"/>
            <c r="CM17" s="9"/>
            <c r="CN17" s="9"/>
            <c r="CO17" s="9"/>
            <c r="CP17" s="9"/>
            <c r="CQ17" s="9"/>
            <c r="CR17" s="9"/>
            <c r="CS17" s="9"/>
            <c r="CT17" s="9"/>
            <c r="CU17" s="9"/>
            <c r="CV17" s="9"/>
            <c r="CW17" s="9"/>
            <c r="CX17" s="9"/>
            <c r="CY17" s="9"/>
            <c r="CZ17" s="9"/>
            <c r="DA17" s="9"/>
            <c r="DB17" s="9"/>
            <c r="DC17" s="9"/>
            <c r="DD17" s="9"/>
            <c r="DE17" s="9"/>
            <c r="DF17" s="9"/>
            <c r="DG17" s="9"/>
            <c r="DH17" s="9"/>
            <c r="DI17" s="9"/>
            <c r="DJ17" s="9"/>
            <c r="DK17" s="9"/>
            <c r="DL17" s="9"/>
            <c r="DM17" s="9"/>
            <c r="DN17" s="9"/>
        </row>
        <row r="18" spans="1:118" ht="12.95" customHeight="1">
            <c r="A18" s="9"/>
            <c r="B18" s="9"/>
            <c r="C18" s="16"/>
            <c r="D18" s="16"/>
            <c r="E18" s="16"/>
            <c r="F18" s="16"/>
            <c r="G18" s="16"/>
            <c r="H18" s="16"/>
            <c r="I18" s="16"/>
            <c r="J18" s="16"/>
            <c r="K18" s="16"/>
            <c r="L18" s="16"/>
            <c r="M18" s="16"/>
            <c r="N18" s="16"/>
            <c r="O18" s="16"/>
            <c r="P18" s="16"/>
            <c r="Q18" s="16"/>
            <c r="R18" s="16"/>
            <c r="S18" s="16"/>
            <c r="T18" s="16"/>
            <c r="U18" s="16"/>
            <c r="V18" s="16"/>
            <c r="W18" s="16"/>
            <c r="X18" s="16"/>
            <c r="Y18" s="16"/>
            <c r="Z18" s="16"/>
            <c r="AA18" s="16"/>
            <c r="AB18" s="16"/>
            <c r="AC18" s="16"/>
            <c r="AD18" s="16"/>
            <c r="AE18" s="16"/>
            <c r="AF18" s="16"/>
            <c r="AG18" s="16"/>
            <c r="AH18" s="16"/>
            <c r="AI18" s="16"/>
            <c r="AJ18" s="16"/>
            <c r="AK18" s="16"/>
            <c r="AL18" s="16"/>
            <c r="AM18" s="16"/>
            <c r="AN18" s="16"/>
            <c r="AO18" s="16"/>
            <c r="AP18" s="16"/>
            <c r="AQ18" s="16"/>
            <c r="AR18" s="16"/>
            <c r="AS18" s="16"/>
            <c r="AT18" s="16"/>
            <c r="AU18" s="16"/>
            <c r="AV18" s="16"/>
            <c r="AW18" s="16"/>
            <c r="AX18" s="16"/>
            <c r="AY18" s="16"/>
            <c r="AZ18" s="16"/>
            <c r="BA18" s="16"/>
            <c r="BB18" s="16"/>
            <c r="BC18" s="16"/>
            <c r="BD18" s="16"/>
            <c r="BE18" s="16"/>
            <c r="BF18" s="16"/>
            <c r="BG18" s="16"/>
            <c r="BH18" s="16"/>
            <c r="BI18" s="16"/>
            <c r="BJ18" s="16"/>
            <c r="BK18" s="16"/>
            <c r="BL18" s="16"/>
            <c r="BM18" s="16"/>
            <c r="BN18" s="16"/>
            <c r="BO18" s="16"/>
            <c r="BP18" s="16"/>
            <c r="BQ18" s="16"/>
            <c r="BR18" s="16"/>
            <c r="BS18" s="16"/>
            <c r="BT18" s="16"/>
            <c r="BU18" s="16"/>
            <c r="BV18" s="16"/>
            <c r="BW18" s="16"/>
            <c r="BX18" s="16"/>
            <c r="BY18" s="16"/>
            <c r="BZ18" s="16"/>
            <c r="CA18" s="16"/>
            <c r="CB18" s="16"/>
            <c r="CC18" s="16"/>
            <c r="CD18" s="16"/>
            <c r="CE18" s="16"/>
            <c r="CF18" s="16"/>
            <c r="CG18" s="16"/>
            <c r="CH18" s="16"/>
            <c r="CI18" s="16"/>
            <c r="CJ18" s="16"/>
            <c r="CK18" s="16"/>
            <c r="CL18" s="16"/>
            <c r="CM18" s="16"/>
            <c r="CN18" s="16"/>
            <c r="CO18" s="16"/>
            <c r="CP18" s="16"/>
            <c r="CQ18" s="16"/>
            <c r="CR18" s="16"/>
            <c r="CS18" s="16"/>
            <c r="CT18" s="16"/>
            <c r="CU18" s="16"/>
            <c r="CV18" s="16"/>
            <c r="CW18" s="16"/>
            <c r="CX18" s="16"/>
            <c r="CY18" s="16"/>
            <c r="CZ18" s="16"/>
            <c r="DA18" s="16"/>
            <c r="DB18" s="16"/>
            <c r="DC18" s="16"/>
            <c r="DD18" s="16"/>
            <c r="DE18" s="16"/>
            <c r="DF18" s="16"/>
            <c r="DG18" s="16"/>
            <c r="DH18" s="16"/>
            <c r="DI18" s="16"/>
            <c r="DJ18" s="16"/>
            <c r="DK18" s="16"/>
            <c r="DL18" s="16"/>
            <c r="DM18" s="16"/>
            <c r="DN18" s="16"/>
        </row>
        <row r="19" spans="1:118" ht="12.95" customHeight="1">
            <c r="A19" s="9"/>
            <c r="B19" s="9"/>
            <c r="C19" s="16" t="s">
                <v>19</v>
            </c>
            <c r="D19" s="16"/>
            <c r="E19" s="16"/>
            <c r="F19" s="16"/>
            <c r="G19" s="16"/>
            <c r="H19" s="16"/>
            <c r="I19" s="16"/>
            <c r="J19" s="16"/>
            <c r="K19" s="16"/>
            <c r="L19" s="16"/>
            <c r="M19" s="16"/>
            <c r="N19" s="16"/>
            <c r="O19" s="16"/>
            <c r="P19" s="16"/>
            <c r="Q19" s="16"/>
            <c r="R19" s="16"/>
            <c r="S19" s="16"/>
            <c r="T19" s="16"/>
            <c r="U19" s="16"/>
            <c r="V19" s="16"/>
            <c r="W19" s="16"/>
            <c r="X19" s="16"/>
            <c r="Y19" s="16"/>
            <c r="Z19" s="16"/>
            <c r="AA19" s="16"/>
            <c r="AB19" s="16"/>
            <c r="AC19" s="16"/>
            <c r="AD19" s="16"/>
            <c r="AE19" s="16"/>
            <c r="AF19" s="16"/>
            <c r="AG19" s="16"/>
            <c r="AH19" s="16"/>
            <c r="AI19" s="16"/>
            <c r="AJ19" s="16"/>
            <c r="AK19" s="16"/>
            <c r="AL19" s="16"/>
            <c r="AM19" s="16"/>
            <c r="AN19" s="16"/>
            <c r="AO19" s="16"/>
            <c r="AP19" s="16"/>
            <c r="AQ19" s="16"/>
            <c r="AR19" s="16"/>
            <c r="AS19" s="16"/>
            <c r="AT19" s="16"/>
            <c r="AU19" s="16"/>
            <c r="AV19" s="16"/>
            <c r="AW19" s="16"/>
            <c r="AX19" s="16"/>
            <c r="AY19" s="16"/>
            <c r="AZ19" s="16"/>
            <c r="BA19" s="16"/>
            <c r="BB19" s="16"/>
            <c r="BC19" s="16"/>
            <c r="BD19" s="16"/>
            <c r="BE19" s="16"/>
            <c r="BF19" s="16"/>
            <c r="BG19" s="16"/>
            <c r="BH19" s="16"/>
            <c r="BI19" s="16"/>
            <c r="BJ19" s="16"/>
            <c r="BK19" s="16"/>
            <c r="BL19" s="16"/>
            <c r="BM19" s="16"/>
            <c r="BN19" s="16"/>
            <c r="BO19" s="16"/>
            <c r="BP19" s="16"/>
            <c r="BQ19" s="16"/>
            <c r="BR19" s="16"/>
            <c r="BS19" s="16"/>
            <c r="BT19" s="16"/>
            <c r="BU19" s="16"/>
            <c r="BV19" s="16"/>
            <c r="BW19" s="16"/>
            <c r="BX19" s="16"/>
            <c r="BY19" s="16"/>
            <c r="BZ19" s="16"/>
            <c r="CA19" s="16"/>
            <c r="CB19" s="16"/>
            <c r="CC19" s="16"/>
            <c r="CD19" s="16"/>
            <c r="CE19" s="16"/>
            <c r="CF19" s="16"/>
            <c r="CG19" s="16"/>
            <c r="CH19" s="16"/>
            <c r="CI19" s="16"/>
            <c r="CJ19" s="16"/>
            <c r="CK19" s="16"/>
            <c r="CL19" s="16"/>
            <c r="CM19" s="16"/>
            <c r="CN19" s="16"/>
            <c r="CO19" s="16"/>
            <c r="CP19" s="16"/>
            <c r="CQ19" s="16"/>
            <c r="CR19" s="16"/>
            <c r="CS19" s="16"/>
            <c r="CT19" s="16"/>
            <c r="CU19" s="16"/>
            <c r="CV19" s="16"/>
            <c r="CW19" s="16"/>
            <c r="CX19" s="16"/>
            <c r="CY19" s="16"/>
            <c r="CZ19" s="16"/>
            <c r="DA19" s="16"/>
            <c r="DB19" s="16"/>
            <c r="DC19" s="16"/>
            <c r="DD19" s="16"/>
            <c r="DE19" s="16"/>
            <c r="DF19" s="16"/>
            <c r="DG19" s="16"/>
            <c r="DH19" s="16"/>
            <c r="DI19" s="16"/>
            <c r="DJ19" s="16"/>
            <c r="DK19" s="16"/>
            <c r="DL19" s="16"/>
            <c r="DM19" s="16"/>
            <c r="DN19" s="16"/>
        </row>
        <row r="20" spans="1:118" ht="12.95" customHeight="1">
            <c r="A20" s="9"/>
            <c r="B20" s="9"/>
            <c r="C20" s="9"/>
            <c r="D20" s="9"/>
            <c r="E20" s="10" t="s">
                <v>42</v>
            </c>
            <c r="F20" s="10"/>
            <c r="G20" s="10"/>
            <c r="H20" s="10"/>
            <c r="I20" s="10"/>
            <c r="J20" s="10"/>
            <c r="K20" s="10"/>
            <c r="L20" s="10"/>
            <c r="M20" s="10"/>
            <c r="N20" s="10"/>
            <c r="O20" s="10"/>
            <c r="P20" s="10"/>
            <c r="Q20" s="10"/>
            <c r="R20" s="10"/>
            <c r="S20" s="10"/>
            <c r="T20" s="10"/>
            <c r="U20" s="10"/>
            <c r="V20" s="10"/>
            <c r="W20" s="10"/>
            <c r="X20" s="10"/>
            <c r="Y20" s="10"/>
            <c r="Z20" s="10"/>
            <c r="AA20" s="10"/>
            <c r="AB20" s="10"/>
            <c r="AC20" s="10"/>
            <c r="AD20" s="10"/>
            <c r="AE20" s="10"/>
            <c r="AF20" s="10"/>
            <c r="AG20" s="10"/>
            <c r="AH20" s="10"/>
            <c r="AI20" s="10"/>
            <c r="AJ20" s="10"/>
            <c r="AK20" s="10"/>
            <c r="AL20" s="10"/>
            <c r="AM20" s="10"/>
            <c r="AN20" s="10"/>
            <c r="AO20" s="10"/>
            <c r="AP20" s="10"/>
            <c r="AQ20" s="10"/>
            <c r="AR20" s="10"/>
            <c r="AS20" s="10"/>
            <c r="AT20" s="10"/>
            <c r="AU20" s="10"/>
            <c r="AV20" s="10"/>
            <c r="AW20" s="10"/>
            <c r="AX20" s="10"/>
            <c r="AY20" s="10"/>
            <c r="AZ20" s="10"/>
            <c r="BA20" s="10"/>
            <c r="BB20" s="10"/>
            <c r="BC20" s="10"/>
            <c r="BD20" s="10"/>
            <c r="BE20" s="10"/>
            <c r="BF20" s="10"/>
            <c r="BG20" s="10"/>
            <c r="BI20" s="11" t="s">
                <v>4</v>
            </c>
            <c r="BJ20" s="11"/>
            <c r="BK20" s="11"/>
            <c r="BL20" s="11"/>
            <c r="BM20" s="11"/>
            <c r="BN20" s="11"/>
            <c r="BO20" s="11"/>
            <c r="BP20" s="11"/>
            <c r="BQ20" s="11"/>
            <c r="BR20" s="11"/>
            <c r="BS20" s="11"/>
            <c r="BT20" s="11"/>
            <c r="BU20" s="11"/>
            <c r="BV20" s="11"/>
            <c r="BW20" s="11"/>
            <c r="BX20" s="11"/>
            <c r="BY20" s="11"/>
            <c r="BZ20" s="11"/>
            <c r="CA20" s="11"/>
            <c r="CB20" s="11"/>
            <c r="CC20" s="11"/>
            <c r="CD20" s="11"/>
            <c r="CE20" s="11"/>
            <c r="CF20" s="11"/>
            <c r="CG20" s="11"/>
            <c r="CH20" s="11"/>
            <c r="CI20" s="11"/>
            <c r="CJ20" s="11"/>
            <c r="CK20" s="11"/>
            <c r="CL20" s="11"/>
            <c r="CM20" s="11"/>
            <c r="CN20" s="11"/>
            <c r="CO20" s="11"/>
            <c r="CP20" s="11"/>
            <c r="CQ20" s="11"/>
            <c r="CR20" s="11"/>
            <c r="CS20" s="11"/>
            <c r="CT20" s="11"/>
            <c r="CU20" s="11"/>
            <c r="CV20" s="11"/>
            <c r="CW20" s="11"/>
            <c r="CX20" s="11"/>
            <c r="CY20" s="11"/>
            <c r="CZ20" s="11"/>
            <c r="DA20" s="11"/>
            <c r="DB20" s="11"/>
            <c r="DC20" s="11"/>
            <c r="DD20" s="11"/>
            <c r="DE20" s="11"/>
            <c r="DF20" s="11"/>
            <c r="DG20" s="11"/>
            <c r="DH20" s="11"/>
            <c r="DI20" s="11"/>
            <c r="DJ20" s="11"/>
            <c r="DK20" s="11"/>
            <c r="DL20" s="11"/>
            <c r="DM20" s="11"/>
            <c r="DN20" s="11"/>
        </row>
        <row r="21" spans="1:118" ht="12.95" customHeight="1">
            <c r="A21" s="9"/>
            <c r="B21" s="9"/>
            <c r="C21" s="9"/>
            <c r="D21" s="9"/>
            <c r="E21" s="12" t="s">
                <v>18</v>
            </c>
            <c r="F21" s="12"/>
            <c r="G21" s="12"/>
            <c r="H21" s="12"/>
            <c r="I21" s="12"/>
            <c r="J21" s="12"/>
            <c r="K21" s="12"/>
            <c r="L21" s="12"/>
            <c r="M21" s="12"/>
            <c r="N21" s="12"/>
            <c r="O21" s="12"/>
            <c r="P21" s="12"/>
            <c r="Q21" s="12"/>
            <c r="R21" s="12"/>
            <c r="S21" s="12"/>
            <c r="T21" s="12"/>
            <c r="U21" s="12"/>
            <c r="V21" s="12"/>
            <c r="W21" s="12"/>
            <c r="X21" s="12"/>
            <c r="Y21" s="12"/>
            <c r="Z21" s="12"/>
            <c r="AA21" s="12"/>
            <c r="AB21" s="12"/>
            <c r="AC21" s="12"/>
            <c r="AD21" s="12"/>
            <c r="AE21" s="12"/>
            <c r="AF21" s="12"/>
            <c r="AG21" s="12"/>
            <c r="AH21" s="12"/>
            <c r="AI21" s="12"/>
            <c r="AJ21" s="12"/>
            <c r="AK21" s="12"/>
            <c r="AL21" s="12"/>
            <c r="AM21" s="12"/>
            <c r="AN21" s="12"/>
            <c r="AO21" s="12"/>
            <c r="AP21" s="12"/>
            <c r="AQ21" s="12"/>
            <c r="AR21" s="12"/>
            <c r="AS21" s="12"/>
            <c r="AT21" s="12"/>
            <c r="AU21" s="12"/>
            <c r="AV21" s="12"/>
            <c r="AW21" s="12"/>
            <c r="AX21" s="12"/>
            <c r="AY21" s="12"/>
            <c r="AZ21" s="12"/>
            <c r="BA21" s="12"/>
            <c r="BB21" s="12"/>
            <c r="BC21" s="12"/>
            <c r="BD21" s="12"/>
            <c r="BE21" s="12"/>
            <c r="BF21" s="12"/>
            <c r="BG21" s="12"/>
            <c r="BH21" s="11"/>
            <c r="BI21" s="11"/>
            <c r="BJ21" s="11"/>
            <c r="BK21" s="11"/>
            <c r="BL21" s="11"/>
            <c r="BM21" s="11"/>
            <c r="BN21" s="11"/>
            <c r="BO21" s="11"/>
            <c r="BP21" s="11"/>
            <c r="BQ21" s="11"/>
            <c r="BR21" s="11"/>
            <c r="BS21" s="11"/>
            <c r="BT21" s="11"/>
            <c r="BU21" s="11"/>
            <c r="BV21" s="11"/>
            <c r="BW21" s="11"/>
            <c r="BX21" s="11"/>
            <c r="BY21" s="11"/>
            <c r="BZ21" s="11"/>
            <c r="CA21" s="11"/>
            <c r="CB21" s="11"/>
            <c r="CC21" s="11"/>
            <c r="CD21" s="11"/>
            <c r="CE21" s="11"/>
            <c r="CF21" s="11"/>
            <c r="CG21" s="11"/>
            <c r="CH21" s="11"/>
            <c r="CI21" s="11"/>
            <c r="CJ21" s="11"/>
            <c r="CK21" s="11"/>
            <c r="CL21" s="11"/>
            <c r="CM21" s="11"/>
            <c r="CN21" s="11"/>
            <c r="CO21" s="11"/>
            <c r="CP21" s="11"/>
            <c r="CQ21" s="11"/>
            <c r="CR21" s="11"/>
            <c r="CS21" s="11"/>
            <c r="CT21" s="11"/>
            <c r="CU21" s="11"/>
            <c r="CV21" s="11"/>
            <c r="CW21" s="11"/>
            <c r="CX21" s="11"/>
            <c r="CY21" s="11"/>
            <c r="CZ21" s="11"/>
            <c r="DA21" s="11"/>
            <c r="DB21" s="11"/>
            <c r="DC21" s="11"/>
            <c r="DD21" s="11"/>
            <c r="DE21" s="11"/>
            <c r="DF21" s="11"/>
            <c r="DG21" s="11"/>
            <c r="DH21" s="11"/>
            <c r="DI21" s="11"/>
            <c r="DJ21" s="11"/>
            <c r="DK21" s="11"/>
            <c r="DL21" s="11"/>
            <c r="DM21" s="11"/>
            <c r="DN21" s="11"/>
        </row>
        <row r="22" spans="1:118" ht="12.95" customHeight="1">
            <c r="A22" s="9"/>
            <c r="B22" s="9"/>
            <c r="C22" s="78" t="s">
                <v>5</v>
            </c>
            <c r="D22" s="78"/>
            <c r="E22" s="10" t="s">
                <v>43</v>
            </c>
            <c r="F22" s="10"/>
            <c r="G22" s="10"/>
            <c r="H22" s="10"/>
            <c r="I22" s="10"/>
            <c r="J22" s="10"/>
            <c r="K22" s="10"/>
            <c r="L22" s="10"/>
            <c r="M22" s="10"/>
            <c r="N22" s="10"/>
            <c r="O22" s="10"/>
            <c r="P22" s="10"/>
            <c r="Q22" s="10"/>
            <c r="R22" s="10"/>
            <c r="S22" s="10"/>
            <c r="T22" s="10"/>
            <c r="U22" s="10"/>
            <c r="V22" s="10"/>
            <c r="W22" s="10"/>
            <c r="X22" s="10"/>
            <c r="Y22" s="10"/>
            <c r="Z22" s="10"/>
            <c r="AA22" s="10"/>
            <c r="AB22" s="10"/>
            <c r="AC22" s="10"/>
            <c r="AD22" s="10"/>
            <c r="AE22" s="10"/>
            <c r="AF22" s="10"/>
            <c r="AG22" s="10"/>
            <c r="AH22" s="10"/>
            <c r="AI22" s="10"/>
            <c r="AJ22" s="10"/>
            <c r="AK22" s="10"/>
            <c r="AL22" s="10"/>
            <c r="AM22" s="10"/>
            <c r="AN22" s="10"/>
            <c r="AO22" s="10"/>
            <c r="AP22" s="10"/>
            <c r="AQ22" s="10"/>
            <c r="AR22" s="10"/>
            <c r="AS22" s="10"/>
            <c r="AT22" s="10"/>
            <c r="AU22" s="10"/>
            <c r="AV22" s="10"/>
            <c r="AW22" s="10"/>
            <c r="AX22" s="10"/>
            <c r="AY22" s="10"/>
            <c r="AZ22" s="10"/>
            <c r="BA22" s="10"/>
            <c r="BB22" s="10"/>
            <c r="BC22" s="10"/>
            <c r="BD22" s="10"/>
            <c r="BE22" s="10"/>
            <c r="BF22" s="10"/>
            <c r="BG22" s="10"/>
            <c r="BI22" s="11" t="s">
                <v>6</v>
            </c>
            <c r="BJ22" s="11"/>
            <c r="BK22" s="11"/>
            <c r="BL22" s="11"/>
            <c r="BM22" s="11"/>
            <c r="BN22" s="11"/>
            <c r="BO22" s="11"/>
            <c r="BP22" s="11"/>
            <c r="BQ22" s="11"/>
            <c r="BR22" s="11"/>
            <c r="BS22" s="11"/>
            <c r="BT22" s="11"/>
            <c r="BU22" s="11"/>
            <c r="BV22" s="11"/>
            <c r="BW22" s="11"/>
            <c r="BX22" s="11"/>
            <c r="BY22" s="11"/>
            <c r="BZ22" s="11"/>
            <c r="CA22" s="11"/>
            <c r="CB22" s="11"/>
            <c r="CC22" s="11"/>
            <c r="CD22" s="11"/>
            <c r="CE22" s="11"/>
            <c r="CF22" s="11"/>
            <c r="CG22" s="11"/>
            <c r="CH22" s="11"/>
            <c r="CI22" s="11"/>
            <c r="CJ22" s="11"/>
            <c r="CK22" s="11"/>
            <c r="CL22" s="11"/>
            <c r="CM22" s="11"/>
            <c r="CN22" s="11"/>
            <c r="CO22" s="11"/>
            <c r="CP22" s="11"/>
            <c r="CQ22" s="11"/>
            <c r="CR22" s="11"/>
            <c r="CS22" s="11"/>
            <c r="CT22" s="11"/>
            <c r="CU22" s="11"/>
            <c r="CV22" s="11"/>
            <c r="CW22" s="11"/>
            <c r="CX22" s="11"/>
            <c r="CY22" s="11"/>
            <c r="CZ22" s="11"/>
            <c r="DA22" s="11"/>
            <c r="DB22" s="11"/>
            <c r="DC22" s="11"/>
            <c r="DD22" s="11"/>
            <c r="DE22" s="11"/>
            <c r="DF22" s="11"/>
            <c r="DG22" s="11"/>
            <c r="DH22" s="11"/>
            <c r="DI22" s="11"/>
            <c r="DJ22" s="11"/>
            <c r="DK22" s="11"/>
            <c r="DL22" s="11"/>
            <c r="DM22" s="11"/>
            <c r="DN22" s="11"/>
        </row>
        <row r="23" spans="1:118" ht="12.95" customHeight="1">
            <c r="A23" s="9"/>
            <c r="B23" s="9"/>
            <c r="C23" s="9"/>
            <c r="D23" s="9"/>
            <c r="E23" s="12" t="s">
                <v>18</v>
            </c>
            <c r="F23" s="12"/>
            <c r="G23" s="12"/>
            <c r="H23" s="12"/>
            <c r="I23" s="12"/>
            <c r="J23" s="12"/>
            <c r="K23" s="12"/>
            <c r="L23" s="12"/>
            <c r="M23" s="12"/>
            <c r="N23" s="12"/>
            <c r="O23" s="12"/>
            <c r="P23" s="12"/>
            <c r="Q23" s="12"/>
            <c r="R23" s="12"/>
            <c r="S23" s="12"/>
            <c r="T23" s="12"/>
            <c r="U23" s="12"/>
            <c r="V23" s="12"/>
            <c r="W23" s="12"/>
            <c r="X23" s="12"/>
            <c r="Y23" s="12"/>
            <c r="Z23" s="12"/>
            <c r="AA23" s="12"/>
            <c r="AB23" s="12"/>
            <c r="AC23" s="12"/>
            <c r="AD23" s="12"/>
            <c r="AE23" s="12"/>
            <c r="AF23" s="12"/>
            <c r="AG23" s="12"/>
            <c r="AH23" s="12"/>
            <c r="AI23" s="12"/>
            <c r="AJ23" s="12"/>
            <c r="AK23" s="12"/>
            <c r="AL23" s="12"/>
            <c r="AM23" s="12"/>
            <c r="AN23" s="12"/>
            <c r="AO23" s="12"/>
            <c r="AP23" s="12"/>
            <c r="AQ23" s="12"/>
            <c r="AR23" s="12"/>
            <c r="AS23" s="12"/>
            <c r="AT23" s="12"/>
            <c r="AU23" s="12"/>
            <c r="AV23" s="12"/>
            <c r="AW23" s="12"/>
            <c r="AX23" s="12"/>
            <c r="AY23" s="12"/>
            <c r="AZ23" s="12"/>
            <c r="BA23" s="12"/>
            <c r="BB23" s="12"/>
            <c r="BC23" s="12"/>
            <c r="BD23" s="12"/>
            <c r="BE23" s="12"/>
            <c r="BF23" s="12"/>
            <c r="BG23" s="12"/>
            <c r="BH23" s="11"/>
            <c r="BI23" s="11"/>
            <c r="BJ23" s="11"/>
            <c r="BK23" s="11"/>
            <c r="BL23" s="11"/>
            <c r="BM23" s="11"/>
            <c r="BN23" s="11"/>
            <c r="BO23" s="11"/>
            <c r="BP23" s="11"/>
            <c r="BQ23" s="11"/>
            <c r="BR23" s="11"/>
            <c r="BS23" s="11"/>
            <c r="BT23" s="11"/>
            <c r="BU23" s="11"/>
            <c r="BV23" s="11"/>
            <c r="BW23" s="11"/>
            <c r="BX23" s="11"/>
            <c r="BY23" s="11"/>
            <c r="BZ23" s="11"/>
            <c r="CA23" s="11"/>
            <c r="CB23" s="11"/>
            <c r="CC23" s="11"/>
            <c r="CD23" s="11"/>
            <c r="CE23" s="11"/>
            <c r="CF23" s="11"/>
            <c r="CG23" s="11"/>
            <c r="CH23" s="11"/>
            <c r="CI23" s="11"/>
            <c r="CJ23" s="11"/>
            <c r="CK23" s="11"/>
            <c r="CL23" s="11"/>
            <c r="CM23" s="11"/>
            <c r="CN23" s="11"/>
            <c r="CO23" s="11"/>
            <c r="CP23" s="11"/>
            <c r="CQ23" s="11"/>
            <c r="CR23" s="11"/>
            <c r="CS23" s="11"/>
            <c r="CT23" s="11"/>
            <c r="CU23" s="11"/>
            <c r="CV23" s="11"/>
            <c r="CW23" s="11"/>
            <c r="CX23" s="11"/>
            <c r="CY23" s="11"/>
            <c r="CZ23" s="11"/>
            <c r="DA23" s="11"/>
            <c r="DB23" s="11"/>
            <c r="DC23" s="11"/>
            <c r="DD23" s="11"/>
            <c r="DE23" s="11"/>
            <c r="DF23" s="11"/>
            <c r="DG23" s="11"/>
            <c r="DH23" s="11"/>
            <c r="DI23" s="11"/>
            <c r="DJ23" s="11"/>
            <c r="DK23" s="11"/>
            <c r="DL23" s="11"/>
            <c r="DM23" s="11"/>
            <c r="DN23" s="11"/>
        </row>
        <row r="24" spans="1:118" ht="12.95" customHeight="1">
            <c r="A24" s="9"/>
            <c r="B24" s="9"/>
            <c r="C24" s="9"/>
            <c r="D24" s="9"/>
            <c r="E24" s="9"/>
            <c r="F24" s="9"/>
            <c r="G24" s="9"/>
            <c r="H24" s="9"/>
            <c r="I24" s="9"/>
            <c r="J24" s="9"/>
            <c r="K24" s="9"/>
            <c r="L24" s="9"/>
            <c r="M24" s="9"/>
            <c r="N24" s="9"/>
            <c r="O24" s="9"/>
            <c r="P24" s="9"/>
            <c r="Q24" s="9"/>
            <c r="R24" s="9"/>
            <c r="S24" s="9"/>
            <c r="T24" s="9"/>
            <c r="U24" s="9"/>
            <c r="V24" s="9"/>
            <c r="W24" s="9"/>
            <c r="X24" s="9"/>
            <c r="Y24" s="9"/>
            <c r="Z24" s="9"/>
            <c r="AA24" s="9"/>
            <c r="AB24" s="9"/>
            <c r="AC24" s="9"/>
            <c r="AD24" s="9"/>
            <c r="AE24" s="9"/>
            <c r="AF24" s="9"/>
            <c r="AG24" s="9"/>
            <c r="AH24" s="9"/>
            <c r="AI24" s="9"/>
            <c r="AJ24" s="9"/>
            <c r="AK24" s="9"/>
            <c r="AL24" s="9"/>
            <c r="AM24" s="9"/>
            <c r="AN24" s="9"/>
            <c r="AO24" s="9"/>
            <c r="AP24" s="9"/>
            <c r="AQ24" s="9"/>
            <c r="AR24" s="9"/>
            <c r="AS24" s="9"/>
            <c r="AT24" s="9"/>
            <c r="AU24" s="9"/>
            <c r="AV24" s="9"/>
            <c r="AW24" s="9"/>
            <c r="AX24" s="9"/>
            <c r="AY24" s="9"/>
            <c r="AZ24" s="9"/>
            <c r="BA24" s="9"/>
            <c r="BB24" s="9"/>
            <c r="BC24" s="9"/>
            <c r="BD24" s="9"/>
            <c r="BE24" s="9"/>
            <c r="BF24" s="9"/>
            <c r="BG24" s="9"/>
            <c r="BH24" s="9"/>
            <c r="BI24" s="9"/>
            <c r="BJ24" s="9"/>
            <c r="BK24" s="9"/>
            <c r="BL24" s="9"/>
            <c r="BM24" s="9"/>
            <c r="BN24" s="9"/>
            <c r="BO24" s="9"/>
            <c r="BP24" s="9"/>
            <c r="BQ24" s="9"/>
            <c r="BR24" s="9"/>
            <c r="BS24" s="9"/>
            <c r="BT24" s="9"/>
            <c r="BU24" s="9"/>
            <c r="BV24" s="9"/>
            <c r="BW24" s="9"/>
            <c r="BX24" s="9"/>
            <c r="BY24" s="9"/>
            <c r="BZ24" s="9"/>
            <c r="CA24" s="9"/>
            <c r="CB24" s="9"/>
            <c r="CC24" s="9"/>
            <c r="CD24" s="9"/>
            <c r="CE24" s="9"/>
            <c r="CF24" s="9"/>
            <c r="CG24" s="9"/>
            <c r="CH24" s="9"/>
            <c r="CI24" s="9"/>
            <c r="CJ24" s="9"/>
            <c r="CK24" s="9"/>
            <c r="CL24" s="9"/>
            <c r="CM24" s="9"/>
            <c r="CN24" s="9"/>
            <c r="CO24" s="9"/>
            <c r="CP24" s="9"/>
            <c r="CQ24" s="9"/>
            <c r="CR24" s="9"/>
            <c r="CS24" s="9"/>
            <c r="CT24" s="9"/>
            <c r="CU24" s="9"/>
            <c r="CV24" s="9"/>
            <c r="CW24" s="9"/>
            <c r="CX24" s="9"/>
            <c r="CY24" s="9"/>
            <c r="CZ24" s="9"/>
            <c r="DA24" s="9"/>
            <c r="DB24" s="9"/>
            <c r="DC24" s="9"/>
            <c r="DD24" s="9"/>
            <c r="DE24" s="9"/>
            <c r="DF24" s="9"/>
            <c r="DG24" s="9"/>
            <c r="DH24" s="9"/>
            <c r="DI24" s="9"/>
            <c r="DJ24" s="9"/>
            <c r="DK24" s="9"/>
            <c r="DL24" s="9"/>
            <c r="DM24" s="9"/>
            <c r="DN24" s="9"/>
        </row>
        <row r="25" spans="1:118" ht="12.95" customHeight="1">
            <c r="A25" s="9"/>
            <c r="B25" s="9"/>
            <c r="C25" s="9"/>
            <c r="D25" s="9"/>
            <c r="E25" s="9"/>
            <c r="F25" s="9"/>
            <c r="G25" s="9"/>
            <c r="H25" s="17" t="s">
                <v>3</v>
            </c>
            <c r="I25" s="17"/>
            <c r="J25" s="17"/>
            <c r="K25" s="17"/>
            <c r="L25" s="17"/>
            <c r="M25" s="17"/>
            <c r="N25" s="17"/>
            <c r="O25" s="17"/>
            <c r="P25" s="17"/>
            <c r="Q25" s="17"/>
            <c r="R25" s="17"/>
            <c r="S25" s="17"/>
            <c r="T25" s="17"/>
            <c r="U25" s="9"/>
            <c r="V25" s="19"/>
            <c r="W25" s="19"/>
            <c r="X25" s="19"/>
            <c r="Y25" s="19"/>
            <c r="Z25" s="19"/>
            <c r="AA25" s="19"/>
            <c r="AB25" s="19"/>
            <c r="AC25" s="19"/>
            <c r="AD25" s="19"/>
            <c r="AE25" s="19"/>
            <c r="AF25" s="19"/>
            <c r="AG25" s="19"/>
            <c r="AH25" s="19"/>
            <c r="AI25" s="19"/>
            <c r="AJ25" s="19"/>
            <c r="AK25" s="19"/>
            <c r="AL25" s="19"/>
            <c r="AM25" s="19"/>
            <c r="AN25" s="19"/>
            <c r="AO25" s="19"/>
            <c r="AP25" s="19"/>
            <c r="AQ25" s="9"/>
            <c r="AR25" s="9"/>
            <c r="AS25" s="18" t="s">
                <v>46</v>
            </c>
            <c r="AT25" s="18"/>
            <c r="AU25" s="18"/>
            <c r="AV25" s="18"/>
            <c r="AW25" s="18"/>
            <c r="AX25" s="18"/>
            <c r="AY25" s="18"/>
            <c r="AZ25" s="18"/>
            <c r="BA25" s="18"/>
            <c r="BB25" s="18"/>
            <c r="BC25" s="18"/>
            <c r="BD25" s="18"/>
            <c r="BE25" s="18"/>
            <c r="BF25" s="18"/>
            <c r="BG25" s="18"/>
            <c r="BH25" s="18"/>
            <c r="BI25" s="18"/>
            <c r="BJ25" s="18"/>
            <c r="BK25" s="18"/>
            <c r="BL25" s="18"/>
            <c r="BM25" s="18"/>
            <c r="BN25" s="18"/>
            <c r="BO25" s="18"/>
            <c r="BP25" s="18"/>
            <c r="BQ25" s="18"/>
            <c r="BR25" s="18"/>
            <c r="BS25" s="18"/>
            <c r="BT25" s="18"/>
            <c r="BU25" s="18"/>
            <c r="BV25" s="18"/>
            <c r="BW25" s="18"/>
            <c r="BX25" s="18"/>
            <c r="BY25" s="18"/>
            <c r="BZ25" s="18"/>
            <c r="CA25" s="18"/>
            <c r="CB25" s="18"/>
            <c r="CC25" s="9"/>
            <c r="CD25" s="9"/>
            <c r="CE25" s="9"/>
            <c r="CF25" s="9"/>
            <c r="CG25" s="9"/>
            <c r="CH25" s="9"/>
            <c r="CI25" s="9"/>
            <c r="CJ25" s="9"/>
            <c r="CK25" s="9"/>
            <c r="CL25" s="9"/>
            <c r="CM25" s="9"/>
            <c r="CN25" s="9"/>
            <c r="CO25" s="9"/>
            <c r="CP25" s="9"/>
            <c r="CQ25" s="9"/>
            <c r="CR25" s="9"/>
            <c r="CS25" s="9"/>
            <c r="CT25" s="9"/>
            <c r="CU25" s="9"/>
            <c r="CV25" s="9"/>
            <c r="CW25" s="9"/>
            <c r="CX25" s="9"/>
            <c r="CY25" s="9"/>
            <c r="CZ25" s="9"/>
            <c r="DA25" s="9"/>
            <c r="DB25" s="9"/>
            <c r="DC25" s="9"/>
            <c r="DD25" s="9"/>
            <c r="DE25" s="9"/>
            <c r="DF25" s="9"/>
            <c r="DG25" s="9"/>
            <c r="DH25" s="9"/>
            <c r="DI25" s="9"/>
            <c r="DJ25" s="9"/>
            <c r="DK25" s="9"/>
            <c r="DL25" s="9"/>
            <c r="DM25" s="9"/>
            <c r="DN25" s="9"/>
        </row>
        <row r="26" spans="1:118" ht="12.95" customHeight="1">
            <c r="A26" s="9"/>
            <c r="B26" s="9"/>
            <c r="C26" s="9"/>
            <c r="D26" s="9"/>
            <c r="E26" s="9"/>
            <c r="F26" s="9"/>
            <c r="G26" s="9"/>
            <c r="H26" s="17"/>
            <c r="I26" s="17"/>
            <c r="J26" s="17"/>
            <c r="K26" s="17"/>
            <c r="L26" s="17"/>
            <c r="M26" s="17"/>
            <c r="N26" s="17"/>
            <c r="O26" s="17"/>
            <c r="P26" s="17"/>
            <c r="Q26" s="17"/>
            <c r="R26" s="17"/>
            <c r="S26" s="17"/>
            <c r="T26" s="17"/>
            <c r="U26" s="9"/>
            <c r="V26" s="12" t="s">
                <v>8</v>
            </c>
            <c r="W26" s="12"/>
            <c r="X26" s="12"/>
            <c r="Y26" s="12"/>
            <c r="Z26" s="12"/>
            <c r="AA26" s="12"/>
            <c r="AB26" s="12"/>
            <c r="AC26" s="12"/>
            <c r="AD26" s="12"/>
            <c r="AE26" s="12"/>
            <c r="AF26" s="12"/>
            <c r="AG26" s="12"/>
            <c r="AH26" s="12"/>
            <c r="AI26" s="12"/>
            <c r="AJ26" s="12"/>
            <c r="AK26" s="12"/>
            <c r="AL26" s="12"/>
            <c r="AM26" s="12"/>
            <c r="AN26" s="12"/>
            <c r="AO26" s="12"/>
            <c r="AP26" s="12"/>
            <c r="AQ26" s="9"/>
            <c r="AR26" s="9"/>
            <c r="AS26" s="12" t="s">
                <v>20</v>
            </c>
            <c r="AT26" s="12"/>
            <c r="AU26" s="12"/>
            <c r="AV26" s="12"/>
            <c r="AW26" s="12"/>
            <c r="AX26" s="12"/>
            <c r="AY26" s="12"/>
            <c r="AZ26" s="12"/>
            <c r="BA26" s="12"/>
            <c r="BB26" s="12"/>
            <c r="BC26" s="12"/>
            <c r="BD26" s="12"/>
            <c r="BE26" s="12"/>
            <c r="BF26" s="12"/>
            <c r="BG26" s="12"/>
            <c r="BH26" s="12"/>
            <c r="BI26" s="12"/>
            <c r="BJ26" s="12"/>
            <c r="BK26" s="12"/>
            <c r="BL26" s="12"/>
            <c r="BM26" s="12"/>
            <c r="BN26" s="12"/>
            <c r="BO26" s="12"/>
            <c r="BP26" s="12"/>
            <c r="BQ26" s="12"/>
            <c r="BR26" s="12"/>
            <c r="BS26" s="12"/>
            <c r="BT26" s="12"/>
            <c r="BU26" s="12"/>
            <c r="BV26" s="12"/>
            <c r="BW26" s="12"/>
            <c r="BX26" s="12"/>
            <c r="BY26" s="12"/>
            <c r="BZ26" s="12"/>
            <c r="CA26" s="12"/>
            <c r="CB26" s="12"/>
            <c r="CC26" s="9"/>
            <c r="CD26" s="9"/>
            <c r="CE26" s="9"/>
            <c r="CF26" s="9"/>
            <c r="CG26" s="9"/>
            <c r="CH26" s="9"/>
            <c r="CI26" s="9"/>
            <c r="CJ26" s="9"/>
            <c r="CK26" s="9"/>
            <c r="CL26" s="9"/>
            <c r="CM26" s="9"/>
            <c r="CN26" s="9"/>
            <c r="CO26" s="9"/>
            <c r="CP26" s="9"/>
            <c r="CQ26" s="9"/>
            <c r="CR26" s="9"/>
            <c r="CS26" s="9"/>
            <c r="CT26" s="9"/>
            <c r="CU26" s="9"/>
            <c r="CV26" s="9"/>
            <c r="CW26" s="9"/>
            <c r="CX26" s="9"/>
            <c r="CY26" s="9"/>
            <c r="CZ26" s="9"/>
            <c r="DA26" s="9"/>
            <c r="DB26" s="9"/>
            <c r="DC26" s="9"/>
            <c r="DD26" s="9"/>
            <c r="DE26" s="9"/>
            <c r="DF26" s="9"/>
            <c r="DG26" s="9"/>
            <c r="DH26" s="9"/>
            <c r="DI26" s="9"/>
            <c r="DJ26" s="9"/>
            <c r="DK26" s="9"/>
            <c r="DL26" s="9"/>
            <c r="DM26" s="9"/>
            <c r="DN26" s="9"/>
        </row>
    </sheetData>
    <mergeCells count="95">
        <mergeCell ref="V16:AP16"/>
        <mergeCell ref="E22:BG22"/>
        <mergeCell ref="CC15:DN15"/>
        <mergeCell ref="E23:BG23"/>
        <mergeCell ref="CD22:DN22"/>
        <mergeCell ref="BH23:DN23"/>
        <mergeCell ref="V15:AP15"/>
        <mergeCell ref="AS15:CB15"/>
        <mergeCell ref="C18:DN18"/>
        <mergeCell ref="AQ15:AR15"/>
        <mergeCell ref="CC26:DN26"/>
        <mergeCell ref="BI22:CC22"/>
        <mergeCell ref="CZ5:DN5"/>
        <mergeCell ref="CZ6:DN6"/>
        <mergeCell ref="CL1:CM1"/>
        <mergeCell ref="A1:CK1"/>
        <mergeCell ref="CN1:DN1"/>
        <mergeCell ref="A7:G7"/>
        <mergeCell ref="H7:AH7"/>
        <mergeCell ref="C22:D22"/>
        <mergeCell ref="CK3:DN4"/>
        <mergeCell ref="BG6:BU6"/>
        <mergeCell ref="CK5:CY5"/>
        <mergeCell ref="BG5:BU5"/>
        <mergeCell ref="BV5:CJ5"/>
        <mergeCell ref="A3:G5"/>
        <mergeCell ref="BV6:CJ6"/>
        <mergeCell ref="CK6:CY6"/>
        <mergeCell ref="A6:G6"/>
        <mergeCell ref="H6:AH6"/>
        <mergeCell ref="A8:G9"/>
        <mergeCell ref="H8:AH9"/>
        <mergeCell ref="BG8:BU9"/>
        <mergeCell ref="H3:AH5"/>
        <mergeCell ref="AI3:BF5"/>
        <mergeCell ref="BG3:CJ4"/>
        <mergeCell ref="AI7:BF7"/>
        <mergeCell ref="BV7:CJ7"/>
        <mergeCell ref="AI6:BF6"/>
        <mergeCell ref="AI8:BF9"/>
        <mergeCell ref="CZ7:DN7"/>
        <mergeCell ref="BV8:CJ9"/>
        <mergeCell ref="CK8:CY9"/>
        <mergeCell ref="CZ8:DN9"/>
        <mergeCell ref="BG7:BU7"/>
        <mergeCell ref="CK7:CY7"/>
        <mergeCell ref="BG10:BU10"/>
        <mergeCell ref="CK10:CY10"/>
        <mergeCell ref="BG11:BU11"/>
        <mergeCell ref="BV12:CJ12"/>
        <mergeCell ref="BE13:BF13"/>
        <mergeCell ref="CK12:CY12"/>
        <mergeCell ref="CK11:CY11"/>
        <mergeCell ref="AI10:BF10"/>
        <mergeCell ref="BV10:CJ10"/>
        <mergeCell ref="C20:D21"/>
        <mergeCell ref="AQ15:AR15"/>
        <mergeCell ref="BV11:CJ11"/>
        <mergeCell ref="BE13:BF13"/>
        <mergeCell ref="CK13:DN13"/>
        <mergeCell ref="CZ11:DN11"/>
        <mergeCell ref="AI11:BF11"/>
        <mergeCell ref="CZ12:DN12"/>
        <mergeCell ref="BG13:CJ13"/>
        <mergeCell ref="BG12:BU12"/>
        <mergeCell ref="CC16:DN16"/>
        <mergeCell ref="C19:DN19"/>
        <mergeCell ref="H25:T26"/>
        <mergeCell ref="AQ16:AR16"/>
        <mergeCell ref="AS25:CB25"/>
        <mergeCell ref="BU20:DN20"/>
        <mergeCell ref="BH21:DN21"/>
        <mergeCell ref="V25:AP25"/>
        <mergeCell ref="AS16:CB16"/>
        <mergeCell ref="E21:BG21"/>
        <mergeCell ref="CC25:DN25"/>
        <mergeCell ref="A10:G13"/>
        <mergeCell ref="H10:AH12"/>
        <mergeCell ref="H13:BD13"/>
        <mergeCell ref="C15:U15"/>
        <mergeCell ref="C16:U16"/>
        <mergeCell ref="C17:DN17"/>
        <mergeCell ref="A14:B26"/>
        <mergeCell ref="C14:DN14"/>
        <mergeCell ref="AI12:BF12"/>
        <mergeCell ref="CZ10:DN10"/>
        <mergeCell ref="C23:D23"/>
        <mergeCell ref="C24:DN24"/>
        <mergeCell ref="C25:G26"/>
        <mergeCell ref="U25:U26"/>
        <mergeCell ref="AQ25:AR26"/>
        <mergeCell ref="E20:BG20"/>
        <mergeCell ref="BI20:BT20"/>
        <mergeCell ref="V26:AP26"/>
        <mergeCell ref="AS26:CB26"/>
    </mergeCells>
    <phoneticPr fontId="1" type="noConversion"/>
    <pageMargins left="0.82677165354330717" right="0.19685039370078741" top="0.39370078740157483"
                 bottom="0.39370078740157483" header="0.51181102362204722" footer="0.51181102362204722"/>
    <pageSetup paperSize="9" scale="90" orientation="portrait" r:id="rId1"/>
    <headerFooter alignWithMargins="0"/>
    <legacyDrawing r:id="rId2"/>
</worksheet>